Log file open, 10/31/21 16:07:29
LogWindows: Failed to load 'aqProf.dll' (GetLastError=126)
LogWindows: File 'aqProf.dll' does not exist
LogWindows: Failed to load 'VtuneApi.dll' (GetLastError=126)
LogWindows: File 'VtuneApi.dll' does not exist
LogWindows: Failed to load 'VtuneApi32e.dll' (GetLastError=126)
LogWindows: File 'VtuneApi32e.dll' does not exist
LogConsoleResponse: Display: Failed to find resolution value strings in scalability ini. Falling back to default.
LogConsoleResponse: Display: Failed to find resolution value strings in scalability ini. Falling back to default.
LogInit: Display: Running engine for game: ToonTanks
LogPlatformFile: Not using cached read wrapper
LogTaskGraph: Started task graph with 5 named threads and 47 total threads with 3 sets of task threads.
LogStats: Stats thread started at 0.289724
LogICUInternationalization: ICU TimeZone Detection - Raw Offset: -5:00, Platform Override: ''
LogInit: Display: Loading text-based GConfig....
LogPluginManager: Mounting plugin MeshPainting
LogPluginManager: Mounting plugin XGEController
LogPluginManager: Mounting plugin Paper2D
LogPluginManager: Mounting plugin LiveLink
LogPluginManager: Mounting plugin AISupport
LogPluginManager: Mounting plugin EnvironmentQueryEditor
LogPluginManager: Mounting plugin CameraShakePreviewer
LogPluginManager: Mounting plugin LightPropagationVolume
LogPluginManager: Mounting plugin AnimationSharing
LogPluginManager: Mounting plugin CLionSourceCodeAccess
LogPluginManager: Mounting plugin CodeLiteSourceCodeAccess
LogPluginManager: Mounting plugin NullSourceCodeAccess
LogPluginManager: Mounting plugin KDevelopSourceCodeAccess
LogPluginManager: Mounting plugin GitSourceControl
LogPluginManager: Mounting plugin PerforceSourceControl
LogPluginManager: Mounting plugin PixWinPlugin
LogPluginManager: Mounting plugin PlasticSourceControl
LogPluginManager: Mounting plugin PluginUtils
LogPluginManager: Mounting plugin PropertyAccessNode
LogPluginManager: Mounting plugin RiderSourceCodeAccess
LogPluginManager: Mounting plugin SubversionSourceControl
LogPluginManager: Mounting plugin GameplayCameras
LogPluginManager: Mounting plugin VisualStudioSourceCodeAccess
LogPluginManager: Mounting plugin UObjectPlugin
LogPluginManager: Mounting plugin AssetManagerEditor
LogPluginManager: Mounting plugin XCodeSourceCodeAccess
LogPluginManager: Mounting plugin OodleData
LogPluginManager: Mounting plugin CryptoKeys
LogPluginManager: Mounting plugin CurveEditorTools
LogPluginManager: Mounting plugin OodleNetwork
LogPluginManager: Mounting plugin DataValidation
LogPluginManager: Mounting plugin GameplayTagsEditor
LogPluginManager: Mounting plugin GeometryMode
LogPluginManager: Mounting plugin MacGraphicsSwitching
LogPluginManager: Mounting plugin SpeedTreeImporter
LogPluginManager: Mounting plugin MobileLauncherProfileWizard
LogPluginManager: Mounting plugin MaterialAnalyzer
LogPluginManager: Mounting plugin PluginBrowser
LogPluginManager: Mounting plugin FacialAnimation
LogPluginManager: Mounting plugin DatasmithContent
LogPluginManager: Mounting plugin TextureFormatOodle
LogPluginManager: Mounting plugin AlembicImporter
LogPluginManager: Mounting plugin VariantManagerContent
LogPluginManager: Mounting plugin AutomationUtils
LogPluginManager: Mounting plugin BackChannel
LogPluginManager: Mounting plugin ChaosCloth
LogPluginManager: Mounting plugin ChaosClothEditor
LogPluginManager: Mounting plugin ChaosEditor
LogPluginManager: Mounting plugin ChaosNiagara
LogPluginManager: Mounting plugin ChaosSolverPlugin
LogPluginManager: Mounting plugin CharacterAI
LogPluginManager: Mounting plugin GeometryCache
LogPluginManager: Mounting plugin LuminPlatformFeatures
LogPluginManager: Mounting plugin MagicLeap
LogPluginManager: Mounting plugin MagicLeapLightEstimation
LogPluginManager: Mounting plugin MagicLeapMedia
LogPluginManager: Mounting plugin GeometryCollectionPlugin
LogPluginManager: Mounting plugin MagicLeapPassableWorld
LogPluginManager: Mounting plugin MLSDK
LogPluginManager: Mounting plugin GeometryProcessing
LogPluginManager: Mounting plugin OpenImageDenoise
LogPluginManager: Mounting plugin PlanarCut
LogPluginManager: Mounting plugin ProxyLODPlugin
LogPluginManager: Mounting plugin PlatformCrypto
LogPluginManager: Mounting plugin PythonScriptPlugin
LogPluginManager: Mounting plugin Niagara
LogPluginManager: Mounting plugin TcpMessaging
LogPluginManager: Mounting plugin UdpMessaging
LogPluginManager: Mounting plugin ActorSequence
LogPluginManager: Mounting plugin AndroidMedia
LogPluginManager: Mounting plugin LevelSequenceEditor
LogPluginManager: Mounting plugin MatineeToLevelSequence
LogPluginManager: Mounting plugin AvfMedia
LogPluginManager: Mounting plugin TemplateSequence
LogPluginManager: Mounting plugin LauncherChunkInstaller
LogPluginManager: Mounting plugin MotoSynth
LogPluginManager: Mounting plugin OnlineSubsystem
LogPluginManager: Mounting plugin AndroidDeviceProfileSelector
LogPluginManager: Mounting plugin AndroidMoviePlayer
LogPluginManager: Mounting plugin AndroidPermission
LogPluginManager: Mounting plugin ActorLayerUtilities
LogPluginManager: Mounting plugin SkeletalReduction
LogPluginManager: Mounting plugin OnlineSubsystemNull
LogPluginManager: Mounting plugin AppleImageUtils
LogPluginManager: Mounting plugin AppleMoviePlayer
LogPluginManager: Mounting plugin OnlineSubsystemUtils
LogPluginManager: Mounting plugin ArchVisCharacter
LogPluginManager: Mounting plugin AssetTags
LogPluginManager: Mounting plugin AudioCapture
LogPluginManager: Mounting plugin AudioSynesthesia
LogPluginManager: Mounting plugin CableComponent
LogPluginManager: Mounting plugin CustomMeshComponent
LogPluginManager: Mounting plugin ChunkDownloader
LogPluginManager: Mounting plugin EditableMesh
LogPluginManager: Mounting plugin ExampleDeviceProfileSelector
LogPluginManager: Mounting plugin GoogleCloudMessaging
LogPluginManager: Mounting plugin GooglePAD
LogPluginManager: Mounting plugin ImgMedia
LogPluginManager: Mounting plugin MediaCompositing
LogPluginManager: Mounting plugin Takes
LogPluginManager: Mounting plugin WebMMedia
LogPluginManager: Mounting plugin MediaPlayerEditor
LogPluginManager: Mounting plugin WmfMedia
LogPluginManager: Mounting plugin IOSDeviceProfileSelector
LogPluginManager: Mounting plugin ScreenshotTools
LogPluginManager: Mounting plugin LocationServicesBPLibrary
LogPluginManager: Mounting plugin MobilePatchingUtils
LogPluginManager: Mounting plugin OpenXREyeTracker
LogPluginManager: Mounting plugin OpenXR
LogPluginManager: Mounting plugin OpenXRHandTracking
LogPluginManager: Mounting plugin LinuxDeviceProfileSelector
LogPluginManager: Mounting plugin PhysXVehicles
LogPluginManager: Mounting plugin ProceduralMeshComponent
LogPluginManager: Mounting plugin PropertyAccessEditor
LogPluginManager: Mounting plugin RuntimePhysXCooking
LogPluginManager: Mounting plugin SignificanceManager
LogPluginManager: Mounting plugin SoundFields
LogPluginManager: Mounting plugin PostSplashScreen
LogPluginManager: Mounting plugin Synthesis
LogPluginManager: Mounting plugin WindowsMoviePlayer
LogPluginManager: Mounting plugin VisualStudioCodeSourceCodeAccess
LogPluginManager: Mounting plugin WebMMoviePlayer
LogPluginManager: Mounting plugin ContentBrowserAssetDataSource
LogPluginManager: Mounting plugin ContentBrowserFileDataSource
LogPluginManager: Mounting plugin ContentBrowserClassDataSource
LogPluginManager: Mounting plugin OnlineSubsystemIOS
LogPluginManager: Mounting plugin OnlineSubsystemGooglePlay
LogPluginManager: Mounting plugin OculusVR
LogPluginManager: Mounting plugin SteamVR
PixWinPlugin: PIX capture plugin failed to initialize! Check that the process is launched from PIX.
LogInit: Using libcurl 7.55.1-DEV
LogInit:  - built for x86_64-pc-win32
LogInit:  - supports SSL with OpenSSL/1.1.1
LogInit:  - supports HTTP deflate (compression) using libz 1.2.8
LogInit:  - other features:
LogInit:      CURL_VERSION_SSL
LogInit:      CURL_VERSION_LIBZ
LogInit:      CURL_VERSION_IPV6
LogInit:      CURL_VERSION_ASYNCHDNS
LogInit:      CURL_VERSION_LARGEFILE
LogInit:      CURL_VERSION_IDN
LogInit:  CurlRequestOptions (configurable via config and command line):
LogInit:  - bVerifyPeer = true  - Libcurl will verify peer certificate
LogInit:  - bUseHttpProxy = false  - Libcurl will NOT use HTTP proxy
LogInit:  - bDontReuseConnections = false  - Libcurl will reuse connections
LogInit:  - MaxHostConnections = 16  - Libcurl will limit the number of connections to a host
LogInit:  - LocalHostAddr = Default
LogInit:  - BufferSize = 65536
LogOnline: OSS: Creating online subsystem instance for: NULL
LogInit: WinSock: version 1.1 (2.2), MaxSocks=32767, MaxUdp=65467
LogOnline: OSS: TryLoadSubsystemAndSetDefault: Loaded subsystem for module [NULL]
LogOculusPluginWrapper: OculusPlugin initialized successfully
LogHMD: Failed initializing OVRPlugin 1.59.0
LogInit: Build: ++UE4+Release-4.27-CL-17735300
LogInit: Engine Version: 4.27.1-17735300+++UE4+Release-4.27
LogInit: Compatible Engine Version: 4.27.0-17155196+++UE4+Release-4.27
LogInit: Net CL: 17155196
LogInit: OS: Windows 10 (Release 2009) (), CPU: AMD Ryzen 7 4800H with Radeon Graphics         , GPU: AMD Radeon(TM) Graphics
LogInit: Compiled (64-bit): Oct  6 2021 14:42:51
LogInit: Compiled with Visual C++: 19.24.28315.00
LogInit: Build Configuration: Development
LogInit: Branch Name: ++UE4+Release-4.27
LogInit: Command Line:  -EpicPortal -epicusername=Sebastortiz1989 -epicuserid=4913ff8b8fc046bda226c2657427219e -epiclocale=en -epicsandboxid=ue
LogInit: Base Directory: C:/Program Files/Epic Games/UE_4.27/Engine/Binaries/Win64/
LogInit: Allocator: TBB
LogInit: Installed Engine Build: 1
LogDevObjectVersion: Number of dev versions registered: 29
LogDevObjectVersion:   Dev-Blueprints (B0D832E4-1F89-4F0D-ACCF-7EB736FD4AA2): 10
LogDevObjectVersion:   Dev-Build (E1C64328-A22C-4D53-A36C-8E866417BD8C): 0
LogDevObjectVersion:   Dev-Core (375EC13C-06E4-48FB-B500-84F0262A717E): 4
LogDevObjectVersion:   Dev-Editor (E4B068ED-F494-42E9-A231-DA0B2E46BB41): 40
LogDevObjectVersion:   Dev-Framework (CFFC743F-43B0-4480-9391-14DF171D2073): 37
LogDevObjectVersion:   Dev-Mobile (B02B49B5-BB20-44E9-A304-32B752E40360): 3
LogDevObjectVersion:   Dev-Networking (A4E4105C-59A1-49B5-A7C5-40C4547EDFEE): 0
LogDevObjectVersion:   Dev-Online (39C831C9-5AE6-47DC-9A44-9C173E1C8E7C): 0
LogDevObjectVersion:   Dev-Physics (78F01B33-EBEA-4F98-B9B4-84EACCB95AA2): 14
LogDevObjectVersion:   Dev-Platform (6631380F-2D4D-43E0-8009-CF276956A95A): 0
LogDevObjectVersion:   Dev-Rendering (12F88B9F-8875-4AFC-A67C-D90C383ABD29): 45
LogDevObjectVersion:   Dev-Sequencer (7B5AE74C-D270-4C10-A958-57980B212A5A): 13
LogDevObjectVersion:   Dev-VR (D7296918-1DD6-4BDD-9DE2-64A83CC13884): 3
LogDevObjectVersion:   Dev-LoadTimes (C2A15278-BFE7-4AFE-6C17-90FF531DF755): 1
LogDevObjectVersion:   Private-Geometry (6EACA3D4-40EC-4CC1-B786-8BED09428FC5): 3
LogDevObjectVersion:   Dev-AnimPhys (29E575DD-E0A3-4627-9D10-D276232CDCEA): 17
LogDevObjectVersion:   Dev-Anim (AF43A65D-7FD3-4947-9873-3E8ED9C1BB05): 15
LogDevObjectVersion:   Dev-ReflectionCapture (6B266CEC-1EC7-4B8F-A30B-E4D90942FC07): 1
LogDevObjectVersion:   Dev-Automation (0DF73D61-A23F-47EA-B727-89E90C41499A): 1
LogDevObjectVersion:   FortniteMain (601D1886-AC64-4F84-AA16-D3DE0DEAC7D6): 47
LogDevObjectVersion:   FortniteRelease (E7086368-6B23-4C58-8439-1B7016265E91): 1
LogDevObjectVersion:   Dev-Enterprise (9DFFBCD6-494F-0158-E221-12823C92A888): 10
LogDevObjectVersion:   Dev-Niagara (F2AED0AC-9AFE-416F-8664-AA7FFA26D6FC): 1
LogDevObjectVersion:   Dev-Destruction (174F1F0B-B4C6-45A5-B13F-2EE8D0FB917D): 10
LogDevObjectVersion:   Dev-Physics-Ext (35F94A83-E258-406C-A318-09F59610247C): 41
LogDevObjectVersion:   Dev-PhysicsMaterial-Chaos (B68FC16E-8B1B-42E2-B453-215C058844FE): 1
LogDevObjectVersion:   Dev-CineCamera (B2E18506-4273-CFC2-A54E-F4BB758BBA07): 1
LogDevObjectVersion:   Dev-VirtualProduction (64F58936-FD1B-42BA-BA96-7289D5D0FA4E): 1
LogDevObjectVersion:   Dev-MediaFramework (6F0ED827-A609-4895-9C91-998D90180EA4): 2
LogInit: Presizing for max 25165824 objects, including 0 objects not considered by GC, pre-allocating 0 bytes for permanent pool.
LogConfig: Applying CVar settings from Section [/Script/Engine.StreamingSettings] File [D:/GameDevelopment/UnrealEngine/GamedevTV/3ToonTanks/ToonTanks/Saved/Config/Windows/Engine.ini]
LogConfig: Setting CVar [[s.MinBulkDataSizeForAsyncLoading:131072]]
LogConfig: Setting CVar [[s.AsyncLoadingThreadEnabled:0]]
LogConfig: Setting CVar [[s.EventDrivenLoaderEnabled:1]]
LogConfig: Setting CVar [[s.WarnIfTimeLimitExceeded:0]]
LogConfig: Setting CVar [[s.TimeLimitExceededMultiplier:1.5]]
LogConfig: Setting CVar [[s.TimeLimitExceededMinTime:0.005]]
LogConfig: Setting CVar [[s.UseBackgroundLevelStreaming:1]]
LogConfig: Setting CVar [[s.PriorityAsyncLoadingExtraTime:15.0]]
LogConfig: Setting CVar [[s.LevelStreamingActorsUpdateTimeLimit:5.0]]
LogConfig: Setting CVar [[s.PriorityLevelStreamingActorsUpdateExtraTime:5.0]]
LogConfig: Setting CVar [[s.LevelStreamingComponentsRegistrationGranularity:10]]
LogConfig: Setting CVar [[s.UnregisterComponentsTimeLimit:1.0]]
LogConfig: Setting CVar [[s.LevelStreamingComponentsUnregistrationGranularity:5]]
LogConfig: Setting CVar [[s.FlushStreamingOnExit:1]]
LogInit: Object subsystem initialized
LogConfig: Setting CVar [[con.DebugEarlyDefault:1]]
LogConfig: Setting CVar [[r.setres:1280x720]]
[2021.10.31-21.07.29:883][  0]LogConfig: Setting CVar [[r.VSync:0]]
[2021.10.31-21.07.29:883][  0]LogConfig: Setting CVar [[r.RHICmdBypass:0]]
[2021.10.31-21.07.29:883][  0]LogConfig: Applying CVar settings from Section [/Script/Engine.RendererSettings] File [D:/GameDevelopment/UnrealEngine/GamedevTV/3ToonTanks/ToonTanks/Saved/Config/Windows/Engine.ini]
[2021.10.31-21.07.29:883][  0]LogConfig: Setting CVar [[r.GPUCrashDebugging:0]]
[2021.10.31-21.07.29:883][  0]LogConfig: Setting CVar [[r.DefaultFeature.AutoExposure.ExtendDefaultLuminanceRange:1]]
[2021.10.31-21.07.29:883][  0]LogConfig: Setting CVar [[r.DefaultFeature.AutoExposure:0]]
[2021.10.31-21.07.29:883][  0]LogConfig: Applying CVar settings from Section [/Script/Engine.RendererOverrideSettings] File [D:/GameDevelopment/UnrealEngine/GamedevTV/3ToonTanks/ToonTanks/Saved/Config/Windows/Engine.ini]
[2021.10.31-21.07.29:883][  0]LogConfig: Applying CVar settings from Section [/Script/Engine.StreamingSettings] File [D:/GameDevelopment/UnrealEngine/GamedevTV/3ToonTanks/ToonTanks/Saved/Config/Windows/Engine.ini]
[2021.10.31-21.07.29:883][  0]LogConfig: Setting CVar [[s.MinBulkDataSizeForAsyncLoading:131072]]
[2021.10.31-21.07.29:883][  0]LogConfig: Setting CVar [[s.AsyncLoadingThreadEnabled:0]]
[2021.10.31-21.07.29:884][  0]LogConfig: Setting CVar [[s.EventDrivenLoaderEnabled:1]]
[2021.10.31-21.07.29:884][  0]LogConfig: Setting CVar [[s.WarnIfTimeLimitExceeded:0]]
[2021.10.31-21.07.29:884][  0]LogConfig: Setting CVar [[s.TimeLimitExceededMultiplier:1.5]]
[2021.10.31-21.07.29:884][  0]LogConfig: Setting CVar [[s.TimeLimitExceededMinTime:0.005]]
[2021.10.31-21.07.29:884][  0]LogConfig: Setting CVar [[s.UseBackgroundLevelStreaming:1]]
[2021.10.31-21.07.29:884][  0]LogConfig: Setting CVar [[s.PriorityAsyncLoadingExtraTime:15.0]]
[2021.10.31-21.07.29:884][  0]LogConfig: Setting CVar [[s.LevelStreamingActorsUpdateTimeLimit:5.0]]
[2021.10.31-21.07.29:884][  0]LogConfig: Setting CVar [[s.PriorityLevelStreamingActorsUpdateExtraTime:5.0]]
[2021.10.31-21.07.29:884][  0]LogConfig: Setting CVar [[s.LevelStreamingComponentsRegistrationGranularity:10]]
[2021.10.31-21.07.29:884][  0]LogConfig: Setting CVar [[s.UnregisterComponentsTimeLimit:1.0]]
[2021.10.31-21.07.29:884][  0]LogConfig: Setting CVar [[s.LevelStreamingComponentsUnregistrationGranularity:5]]
[2021.10.31-21.07.29:884][  0]LogConfig: Setting CVar [[s.FlushStreamingOnExit:1]]
[2021.10.31-21.07.29:884][  0]LogConfig: Applying CVar settings from Section [/Script/Engine.GarbageCollectionSettings] File [D:/GameDevelopment/UnrealEngine/GamedevTV/3ToonTanks/ToonTanks/Saved/Config/Windows/Engine.ini]
[2021.10.31-21.07.29:884][  0]LogConfig: Setting CVar [[gc.MaxObjectsNotConsideredByGC:1]]
[2021.10.31-21.07.29:884][  0]LogConfig: Setting CVar [[gc.SizeOfPermanentObjectPool:0]]
[2021.10.31-21.07.29:884][  0]LogConfig: Setting CVar [[gc.FlushStreamingOnGC:0]]
[2021.10.31-21.07.29:884][  0]LogConfig: Setting CVar [[gc.NumRetriesBeforeForcingGC:10]]
[2021.10.31-21.07.29:884][  0]LogConfig: Setting CVar [[gc.AllowParallelGC:1]]
[2021.10.31-21.07.29:884][  0]LogConfig: Setting CVar [[gc.TimeBetweenPurgingPendingKillObjects:61.1]]
[2021.10.31-21.07.29:884][  0]LogConfig: Setting CVar [[gc.MaxObjectsInEditor:25165824]]
[2021.10.31-21.07.29:884][  0]LogConfig: Setting CVar [[gc.IncrementalBeginDestroyEnabled:1]]
[2021.10.31-21.07.29:884][  0]LogConfig: Setting CVar [[gc.CreateGCClusters:1]]
[2021.10.31-21.07.29:884][  0]LogConfig: Setting CVar [[gc.MinGCClusterSize:5]]
[2021.10.31-21.07.29:884][  0]LogConfig: Setting CVar [[gc.ActorClusteringEnabled:0]]
[2021.10.31-21.07.29:884][  0]LogConfig: Setting CVar [[gc.BlueprintClusteringEnabled:0]]
[2021.10.31-21.07.29:884][  0]LogConfig: Setting CVar [[gc.UseDisregardForGCOnDedicatedServers:0]]
[2021.10.31-21.07.29:884][  0]LogConfig: Setting CVar [[gc.MultithreadedDestructionEnabled:1]]
[2021.10.31-21.07.29:884][  0]LogConfig: Applying CVar settings from Section [/Script/Engine.NetworkSettings] File [D:/GameDevelopment/UnrealEngine/GamedevTV/3ToonTanks/ToonTanks/Saved/Config/Windows/Engine.ini]
[2021.10.31-21.07.29:884][  0]LogConfig: Applying CVar settings from Section [/Script/UnrealEd.CookerSettings] File [D:/GameDevelopment/UnrealEngine/GamedevTV/3ToonTanks/ToonTanks/Saved/Config/Windows/Engine.ini]
[2021.10.31-21.07.29:897][  0]LogConfig: Applying CVar settings from Section [ViewDistanceQuality@3] File [D:/GameDevelopment/UnrealEngine/GamedevTV/3ToonTanks/ToonTanks/Saved/Config/Windows/Scalability.ini]
[2021.10.31-21.07.29:898][  0]LogConfig: Setting CVar [[r.SkeletalMeshLODBias:0]]
[2021.10.31-21.07.29:898][  0]LogConfig: Setting CVar [[r.ViewDistanceScale:1.0]]
[2021.10.31-21.07.29:898][  0]LogConfig: Applying CVar settings from Section [AntiAliasingQuality@3] File [D:/GameDevelopment/UnrealEngine/GamedevTV/3ToonTanks/ToonTanks/Saved/Config/Windows/Scalability.ini]
[2021.10.31-21.07.29:898][  0]LogConfig: Setting CVar [[r.PostProcessAAQuality:4]]
[2021.10.31-21.07.29:898][  0]LogConfig: Applying CVar settings from Section [ShadowQuality@3] File [D:/GameDevelopment/UnrealEngine/GamedevTV/3ToonTanks/ToonTanks/Saved/Config/Windows/Scalability.ini]
[2021.10.31-21.07.29:898][  0]LogConfig: Setting CVar [[r.LightFunctionQuality:1]]
[2021.10.31-21.07.29:898][  0]LogConfig: Setting CVar [[r.ShadowQuality:5]]
[2021.10.31-21.07.29:898][  0]LogConfig: Setting CVar [[r.Shadow.CSM.MaxCascades:10]]
[2021.10.31-21.07.29:898][  0]LogConfig: Setting CVar [[r.Shadow.MaxResolution:2048]]
[2021.10.31-21.07.29:898][  0]LogConfig: Setting CVar [[r.Shadow.MaxCSMResolution:2048]]
[2021.10.31-21.07.29:898][  0]LogConfig: Setting CVar [[r.Shadow.RadiusThreshold:0.01]]
[2021.10.31-21.07.29:898][  0]LogConfig: Setting CVar [[r.Shadow.DistanceScale:1.0]]
[2021.10.31-21.07.29:898][  0]LogConfig: Setting CVar [[r.Shadow.CSM.TransitionScale:1.0]]
[2021.10.31-21.07.29:898][  0]LogConfig: Setting CVar [[r.Shadow.PreShadowResolutionFactor:1.0]]
[2021.10.31-21.07.29:898][  0]LogConfig: Setting CVar [[r.DistanceFieldShadowing:1]]
[2021.10.31-21.07.29:898][  0]LogConfig: Setting CVar [[r.DistanceFieldAO:1]]
[2021.10.31-21.07.29:898][  0]LogConfig: Setting CVar [[r.AOQuality:2]]
[2021.10.31-21.07.29:898][  0]LogConfig: Setting CVar [[r.VolumetricFog:1]]
[2021.10.31-21.07.29:898][  0]LogConfig: Setting CVar [[r.VolumetricFog.GridPixelSize:8]]
[2021.10.31-21.07.29:898][  0]LogConfig: Setting CVar [[r.VolumetricFog.GridSizeZ:128]]
[2021.10.31-21.07.29:898][  0]LogConfig: Setting CVar [[r.VolumetricFog.HistoryMissSupersampleCount:4]]
[2021.10.31-21.07.29:898][  0]LogConfig: Setting CVar [[r.LightMaxDrawDistanceScale:1]]
[2021.10.31-21.07.29:898][  0]LogConfig: Setting CVar [[r.CapsuleShadows:1]]
[2021.10.31-21.07.29:898][  0]LogConfig: Applying CVar settings from Section [PostProcessQuality@3] File [D:/GameDevelopment/UnrealEngine/GamedevTV/3ToonTanks/ToonTanks/Saved/Config/Windows/Scalability.ini]
[2021.10.31-21.07.29:898][  0]LogConfig: Setting CVar [[r.MotionBlurQuality:4]]
[2021.10.31-21.07.29:898][  0]LogConfig: Setting CVar [[r.AmbientOcclusionMipLevelFactor:0.4]]
[2021.10.31-21.07.29:898][  0]LogConfig: Setting CVar [[r.AmbientOcclusionMaxQuality:100]]
[2021.10.31-21.07.29:898][  0]LogConfig: Setting CVar [[r.AmbientOcclusionLevels:-1]]
[2021.10.31-21.07.29:898][  0]LogConfig: Setting CVar [[r.AmbientOcclusionRadiusScale:1.0]]
[2021.10.31-21.07.29:898][  0]LogConfig: Setting CVar [[r.DepthOfFieldQuality:2]]
[2021.10.31-21.07.29:898][  0]LogConfig: Setting CVar [[r.RenderTargetPoolMin:400]]
[2021.10.31-21.07.29:898][  0]LogConfig: Setting CVar [[r.LensFlareQuality:2]]
[2021.10.31-21.07.29:898][  0]LogConfig: Setting CVar [[r.SceneColorFringeQuality:1]]
[2021.10.31-21.07.29:898][  0]LogConfig: Setting CVar [[r.EyeAdaptationQuality:2]]
[2021.10.31-21.07.29:898][  0]LogConfig: Setting CVar [[r.BloomQuality:5]]
[2021.10.31-21.07.29:898][  0]LogConfig: Setting CVar [[r.FastBlurThreshold:100]]
[2021.10.31-21.07.29:898][  0]LogConfig: Setting CVar [[r.Upscale.Quality:3]]
[2021.10.31-21.07.29:898][  0]LogConfig: Setting CVar [[r.Tonemapper.GrainQuantization:1]]
[2021.10.31-21.07.29:898][  0]LogConfig: Setting CVar [[r.LightShaftQuality:1]]
[2021.10.31-21.07.29:898][  0]LogConfig: Setting CVar [[r.Filter.SizeScale:1]]
[2021.10.31-21.07.29:898][  0]LogConfig: Setting CVar [[r.Tonemapper.Quality:5]]
[2021.10.31-21.07.29:898][  0]LogConfig: Setting CVar [[r.DOF.Gather.AccumulatorQuality:1        ; higher gathering accumulator quality]]
[2021.10.31-21.07.29:898][  0]LogConfig: Setting CVar [[r.DOF.Gather.PostfilterMethod:1          ; Median3x3 postfilering method]]
[2021.10.31-21.07.29:898][  0]LogConfig: Setting CVar [[r.DOF.Gather.EnableBokehSettings:0       ; no bokeh simulation when gathering]]
[2021.10.31-21.07.29:898][  0]LogConfig: Setting CVar [[r.DOF.Gather.RingCount:4                 ; medium number of samples when gathering]]
[2021.10.31-21.07.29:898][  0]LogConfig: Setting CVar [[r.DOF.Scatter.ForegroundCompositing:1    ; additive foreground scattering]]
[2021.10.31-21.07.29:898][  0]LogConfig: Setting CVar [[r.DOF.Scatter.BackgroundCompositing:2    ; additive background scattering]]
[2021.10.31-21.07.29:898][  0]LogConfig: Setting CVar [[r.DOF.Scatter.EnableBokehSettings:1      ; bokeh simulation when scattering]]
[2021.10.31-21.07.29:898][  0]LogConfig: Setting CVar [[r.DOF.Scatter.MaxSpriteRatio:0.1         ; only a maximum of 10% of scattered bokeh]]
[2021.10.31-21.07.29:898][  0]LogConfig: Setting CVar [[r.DOF.Recombine.Quality:1                ; cheap slight out of focus]]
[2021.10.31-21.07.29:898][  0]LogConfig: Setting CVar [[r.DOF.Recombine.EnableBokehSettings:0    ; no bokeh simulation on slight out of focus]]
[2021.10.31-21.07.29:898][  0]LogConfig: Setting CVar [[r.DOF.TemporalAAQuality:1                ; more stable temporal accumulation]]
[2021.10.31-21.07.29:898][  0]LogConfig: Setting CVar [[r.DOF.Kernel.MaxForegroundRadius:0.025]]
[2021.10.31-21.07.29:898][  0]LogConfig: Setting CVar [[r.DOF.Kernel.MaxBackgroundRadius:0.025]]
[2021.10.31-21.07.29:898][  0]LogConfig: Applying CVar settings from Section [TextureQuality@3] File [D:/GameDevelopment/UnrealEngine/GamedevTV/3ToonTanks/ToonTanks/Saved/Config/Windows/Scalability.ini]
[2021.10.31-21.07.29:898][  0]LogConfig: Setting CVar [[r.Streaming.MipBias:0]]
[2021.10.31-21.07.29:898][  0]LogConfig: Setting CVar [[r.Streaming.AmortizeCPUToGPUCopy:0]]
[2021.10.31-21.07.29:898][  0]LogConfig: Setting CVar [[r.Streaming.MaxNumTexturesToStreamPerFrame:0]]
[2021.10.31-21.07.29:898][  0]LogConfig: Setting CVar [[r.Streaming.Boost:1]]
[2021.10.31-21.07.29:898][  0]LogConfig: Setting CVar [[r.MaxAnisotropy:8]]
[2021.10.31-21.07.29:898][  0]LogConfig: Setting CVar [[r.VT.MaxAnisotropy:8]]
[2021.10.31-21.07.29:898][  0]LogConfig: Setting CVar [[r.Streaming.LimitPoolSizeToVRAM:0]]
[2021.10.31-21.07.29:898][  0]LogConfig: Setting CVar [[r.Streaming.PoolSize:1000]]
[2021.10.31-21.07.29:898][  0]LogConfig: Setting CVar [[r.Streaming.MaxEffectiveScreenSize:0]]
[2021.10.31-21.07.29:898][  0]LogConfig: Applying CVar settings from Section [EffectsQuality@3] File [D:/GameDevelopment/UnrealEngine/GamedevTV/3ToonTanks/ToonTanks/Saved/Config/Windows/Scalability.ini]
[2021.10.31-21.07.29:898][  0]LogConfig: Setting CVar [[r.TranslucencyLightingVolumeDim:64]]
[2021.10.31-21.07.29:898][  0]LogConfig: Setting CVar [[r.RefractionQuality:2]]
[2021.10.31-21.07.29:898][  0]LogConfig: Setting CVar [[r.SSR.Quality:3]]
[2021.10.31-21.07.29:898][  0]LogConfig: Setting CVar [[r.SSR.HalfResSceneColor:0]]
[2021.10.31-21.07.29:898][  0]LogConfig: Setting CVar [[r.SceneColorFormat:4]]
[2021.10.31-21.07.29:898][  0]LogConfig: Setting CVar [[r.DetailMode:2]]
[2021.10.31-21.07.29:898][  0]LogConfig: Setting CVar [[r.TranslucencyVolumeBlur:1]]
[2021.10.31-21.07.29:898][  0]LogConfig: Setting CVar [[r.MaterialQualityLevel:1 ; High quality]]
[2021.10.31-21.07.29:898][  0]LogConfig: Setting CVar [[r.AnisotropicMaterials:1]]
[2021.10.31-21.07.29:898][  0]LogConfig: Setting CVar [[r.SSS.Scale:1]]
[2021.10.31-21.07.29:898][  0]LogConfig: Setting CVar [[r.SSS.SampleSet:2]]
[2021.10.31-21.07.29:898][  0]LogConfig: Setting CVar [[r.SSS.Quality:1]]
[2021.10.31-21.07.29:898][  0]LogConfig: Setting CVar [[r.SSS.HalfRes:0]]
[2021.10.31-21.07.29:898][  0]LogConfig: Setting CVar [[r.SSGI.Quality:3]]
[2021.10.31-21.07.29:898][  0]LogConfig: Setting CVar [[r.EmitterSpawnRateScale:1.0]]
[2021.10.31-21.07.29:898][  0]LogConfig: Setting CVar [[r.ParticleLightQuality:2]]
[2021.10.31-21.07.29:898][  0]LogConfig: Setting CVar [[r.SkyAtmosphere.AerialPerspectiveLUT.FastApplyOnOpaque:1 ; Always have FastSkyLUT 1 in this case to avoid wrong sky]]
[2021.10.31-21.07.29:898][  0]LogConfig: Setting CVar [[r.SkyAtmosphere.AerialPerspectiveLUT.SampleCountMaxPerSlice:4]]
[2021.10.31-21.07.29:898][  0]LogConfig: Setting CVar [[r.SkyAtmosphere.AerialPerspectiveLUT.DepthResolution:16.0]]
[2021.10.31-21.07.29:898][  0]LogConfig: Setting CVar [[r.SkyAtmosphere.FastSkyLUT:1]]
[2021.10.31-21.07.29:898][  0]LogConfig: Setting CVar [[r.SkyAtmosphere.FastSkyLUT.SampleCountMin:4.0]]
[2021.10.31-21.07.29:898][  0]LogConfig: Setting CVar [[r.SkyAtmosphere.FastSkyLUT.SampleCountMax:128.0]]
[2021.10.31-21.07.29:898][  0]LogConfig: Setting CVar [[r.SkyAtmosphere.SampleCountMin:4.0]]
[2021.10.31-21.07.29:898][  0]LogConfig: Setting CVar [[r.SkyAtmosphere.SampleCountMax:128.0]]
[2021.10.31-21.07.29:898][  0]LogConfig: Setting CVar [[r.SkyAtmosphere.TransmittanceLUT.UseSmallFormat:0]]
[2021.10.31-21.07.29:899][  0]LogConfig: Setting CVar [[r.SkyAtmosphere.TransmittanceLUT.SampleCount:10.0]]
[2021.10.31-21.07.29:899][  0]LogConfig: Setting CVar [[r.SkyAtmosphere.MultiScatteringLUT.SampleCount:15.0]]
[2021.10.31-21.07.29:899][  0]LogConfig: Setting CVar [[r.SkyLight.RealTimeReflectionCapture:1]]
[2021.10.31-21.07.29:899][  0]LogConfig: Applying CVar settings from Section [FoliageQuality@3] File [D:/GameDevelopment/UnrealEngine/GamedevTV/3ToonTanks/ToonTanks/Saved/Config/Windows/Scalability.ini]
[2021.10.31-21.07.29:899][  0]LogConfig: Setting CVar [[foliage.DensityScale:1.0]]
[2021.10.31-21.07.29:899][  0]LogConfig: Setting CVar [[grass.DensityScale:1.0]]
[2021.10.31-21.07.29:899][  0]LogConfig: Applying CVar settings from Section [ShadingQuality@3] File [D:/GameDevelopment/UnrealEngine/GamedevTV/3ToonTanks/ToonTanks/Saved/Config/Windows/Scalability.ini]
[2021.10.31-21.07.29:899][  0]LogConfig: Setting CVar [[r.HairStrands.SkyLighting.IntegrationType:2]]
[2021.10.31-21.07.29:899][  0]LogConfig: Setting CVar [[r.HairStrands.SkyAO.SampleCount:4]]
[2021.10.31-21.07.29:899][  0]LogConfig: Setting CVar [[r.HairStrands.Visibility.MSAA.SamplePerPixel:4]]
[2021.10.31-21.07.29:899][  0]LogInit: Selected Device Profile: [Windows]
[2021.10.31-21.07.29:899][  0]LogInit: Applying CVar settings loaded from the selected device profile: [Windows]
[2021.10.31-21.07.29:899][  0]LogHAL: Display: Platform has ~ 32 GB [33681838080 / 34359738368 / 32], which maps to Largest [LargestMinGB=32, LargerMinGB=12, DefaultMinGB=8, SmallerMinGB=6, SmallestMinGB=0)
[2021.10.31-21.07.29:899][  0]LogInit: Going up to parent DeviceProfile []
[2021.10.31-21.07.29:899][  0]LogConfig: Applying CVar settings from Section [ViewDistanceQuality@3] File [D:/GameDevelopment/UnrealEngine/GamedevTV/3ToonTanks/ToonTanks/Saved/Config/Windows/Scalability.ini]
[2021.10.31-21.07.29:899][  0]LogConfig: Setting CVar [[r.SkeletalMeshLODBias:0]]
[2021.10.31-21.07.29:899][  0]LogConfig: Setting CVar [[r.ViewDistanceScale:1.0]]
[2021.10.31-21.07.29:899][  0]LogConfig: Applying CVar settings from Section [AntiAliasingQuality@3] File [D:/GameDevelopment/UnrealEngine/GamedevTV/3ToonTanks/ToonTanks/Saved/Config/Windows/Scalability.ini]
[2021.10.31-21.07.29:899][  0]LogConfig: Setting CVar [[r.PostProcessAAQuality:4]]
[2021.10.31-21.07.29:899][  0]LogConfig: Applying CVar settings from Section [ShadowQuality@3] File [D:/GameDevelopment/UnrealEngine/GamedevTV/3ToonTanks/ToonTanks/Saved/Config/Windows/Scalability.ini]
[2021.10.31-21.07.29:899][  0]LogConfig: Setting CVar [[r.LightFunctionQuality:1]]
[2021.10.31-21.07.29:899][  0]LogConfig: Setting CVar [[r.ShadowQuality:5]]
[2021.10.31-21.07.29:899][  0]LogConfig: Setting CVar [[r.Shadow.CSM.MaxCascades:10]]
[2021.10.31-21.07.29:899][  0]LogConfig: Setting CVar [[r.Shadow.MaxResolution:2048]]
[2021.10.31-21.07.29:899][  0]LogConfig: Setting CVar [[r.Shadow.MaxCSMResolution:2048]]
[2021.10.31-21.07.29:899][  0]LogConfig: Setting CVar [[r.Shadow.RadiusThreshold:0.01]]
[2021.10.31-21.07.29:899][  0]LogConfig: Setting CVar [[r.Shadow.DistanceScale:1.0]]
[2021.10.31-21.07.29:899][  0]LogConfig: Setting CVar [[r.Shadow.CSM.TransitionScale:1.0]]
[2021.10.31-21.07.29:899][  0]LogConfig: Setting CVar [[r.Shadow.PreShadowResolutionFactor:1.0]]
[2021.10.31-21.07.29:899][  0]LogConfig: Setting CVar [[r.DistanceFieldShadowing:1]]
[2021.10.31-21.07.29:899][  0]LogConfig: Setting CVar [[r.DistanceFieldAO:1]]
[2021.10.31-21.07.29:899][  0]LogConfig: Setting CVar [[r.AOQuality:2]]
[2021.10.31-21.07.29:899][  0]LogConfig: Setting CVar [[r.VolumetricFog:1]]
[2021.10.31-21.07.29:899][  0]LogConfig: Setting CVar [[r.VolumetricFog.GridPixelSize:8]]
[2021.10.31-21.07.29:899][  0]LogConfig: Setting CVar [[r.VolumetricFog.GridSizeZ:128]]
[2021.10.31-21.07.29:899][  0]LogConfig: Setting CVar [[r.VolumetricFog.HistoryMissSupersampleCount:4]]
[2021.10.31-21.07.29:899][  0]LogConfig: Setting CVar [[r.LightMaxDrawDistanceScale:1]]
[2021.10.31-21.07.29:899][  0]LogConfig: Setting CVar [[r.CapsuleShadows:1]]
[2021.10.31-21.07.29:899][  0]LogConfig: Applying CVar settings from Section [PostProcessQuality@3] File [D:/GameDevelopment/UnrealEngine/GamedevTV/3ToonTanks/ToonTanks/Saved/Config/Windows/Scalability.ini]
[2021.10.31-21.07.29:899][  0]LogConfig: Setting CVar [[r.MotionBlurQuality:4]]
[2021.10.31-21.07.29:899][  0]LogConfig: Setting CVar [[r.AmbientOcclusionMipLevelFactor:0.4]]
[2021.10.31-21.07.29:899][  0]LogConfig: Setting CVar [[r.AmbientOcclusionMaxQuality:100]]
[2021.10.31-21.07.29:899][  0]LogConfig: Setting CVar [[r.AmbientOcclusionLevels:-1]]
[2021.10.31-21.07.29:899][  0]LogConfig: Setting CVar [[r.AmbientOcclusionRadiusScale:1.0]]
[2021.10.31-21.07.29:899][  0]LogConfig: Setting CVar [[r.DepthOfFieldQuality:2]]
[2021.10.31-21.07.29:899][  0]LogConfig: Setting CVar [[r.RenderTargetPoolMin:400]]
[2021.10.31-21.07.29:899][  0]LogConfig: Setting CVar [[r.LensFlareQuality:2]]
[2021.10.31-21.07.29:899][  0]LogConfig: Setting CVar [[r.SceneColorFringeQuality:1]]
[2021.10.31-21.07.29:899][  0]LogConfig: Setting CVar [[r.EyeAdaptationQuality:2]]
[2021.10.31-21.07.29:899][  0]LogConfig: Setting CVar [[r.BloomQuality:5]]
[2021.10.31-21.07.29:899][  0]LogConfig: Setting CVar [[r.FastBlurThreshold:100]]
[2021.10.31-21.07.29:899][  0]LogConfig: Setting CVar [[r.Upscale.Quality:3]]
[2021.10.31-21.07.29:899][  0]LogConfig: Setting CVar [[r.Tonemapper.GrainQuantization:1]]
[2021.10.31-21.07.29:899][  0]LogConfig: Setting CVar [[r.LightShaftQuality:1]]
[2021.10.31-21.07.29:899][  0]LogConfig: Setting CVar [[r.Filter.SizeScale:1]]
[2021.10.31-21.07.29:899][  0]LogConfig: Setting CVar [[r.Tonemapper.Quality:5]]
[2021.10.31-21.07.29:899][  0]LogConfig: Setting CVar [[r.DOF.Gather.AccumulatorQuality:1        ; higher gathering accumulator quality]]
[2021.10.31-21.07.29:899][  0]LogConfig: Setting CVar [[r.DOF.Gather.PostfilterMethod:1          ; Median3x3 postfilering method]]
[2021.10.31-21.07.29:899][  0]LogConfig: Setting CVar [[r.DOF.Gather.EnableBokehSettings:0       ; no bokeh simulation when gathering]]
[2021.10.31-21.07.29:899][  0]LogConfig: Setting CVar [[r.DOF.Gather.RingCount:4                 ; medium number of samples when gathering]]
[2021.10.31-21.07.29:899][  0]LogConfig: Setting CVar [[r.DOF.Scatter.ForegroundCompositing:1    ; additive foreground scattering]]
[2021.10.31-21.07.29:899][  0]LogConfig: Setting CVar [[r.DOF.Scatter.BackgroundCompositing:2    ; additive background scattering]]
[2021.10.31-21.07.29:899][  0]LogConfig: Setting CVar [[r.DOF.Scatter.EnableBokehSettings:1      ; bokeh simulation when scattering]]
[2021.10.31-21.07.29:899][  0]LogConfig: Setting CVar [[r.DOF.Scatter.MaxSpriteRatio:0.1         ; only a maximum of 10% of scattered bokeh]]
[2021.10.31-21.07.29:899][  0]LogConfig: Setting CVar [[r.DOF.Recombine.Quality:1                ; cheap slight out of focus]]
[2021.10.31-21.07.29:899][  0]LogConfig: Setting CVar [[r.DOF.Recombine.EnableBokehSettings:0    ; no bokeh simulation on slight out of focus]]
[2021.10.31-21.07.29:899][  0]LogConfig: Setting CVar [[r.DOF.TemporalAAQuality:1                ; more stable temporal accumulation]]
[2021.10.31-21.07.29:899][  0]LogConfig: Setting CVar [[r.DOF.Kernel.MaxForegroundRadius:0.025]]
[2021.10.31-21.07.29:899][  0]LogConfig: Setting CVar [[r.DOF.Kernel.MaxBackgroundRadius:0.025]]
[2021.10.31-21.07.29:899][  0]LogConfig: Applying CVar settings from Section [TextureQuality@3] File [D:/GameDevelopment/UnrealEngine/GamedevTV/3ToonTanks/ToonTanks/Saved/Config/Windows/Scalability.ini]
[2021.10.31-21.07.29:899][  0]LogConfig: Setting CVar [[r.Streaming.MipBias:0]]
[2021.10.31-21.07.29:899][  0]LogConfig: Setting CVar [[r.Streaming.AmortizeCPUToGPUCopy:0]]
[2021.10.31-21.07.29:899][  0]LogConfig: Setting CVar [[r.Streaming.MaxNumTexturesToStreamPerFrame:0]]
[2021.10.31-21.07.29:899][  0]LogConfig: Setting CVar [[r.Streaming.Boost:1]]
[2021.10.31-21.07.29:899][  0]LogConfig: Setting CVar [[r.MaxAnisotropy:8]]
[2021.10.31-21.07.29:899][  0]LogConfig: Setting CVar [[r.VT.MaxAnisotropy:8]]
[2021.10.31-21.07.29:899][  0]LogConfig: Setting CVar [[r.Streaming.LimitPoolSizeToVRAM:0]]
[2021.10.31-21.07.29:899][  0]LogConfig: Setting CVar [[r.Streaming.PoolSize:1000]]
[2021.10.31-21.07.29:900][  0]LogConfig: Setting CVar [[r.Streaming.MaxEffectiveScreenSize:0]]
[2021.10.31-21.07.29:900][  0]LogConfig: Applying CVar settings from Section [EffectsQuality@3] File [D:/GameDevelopment/UnrealEngine/GamedevTV/3ToonTanks/ToonTanks/Saved/Config/Windows/Scalability.ini]
[2021.10.31-21.07.29:900][  0]LogConfig: Setting CVar [[r.TranslucencyLightingVolumeDim:64]]
[2021.10.31-21.07.29:900][  0]LogConfig: Setting CVar [[r.RefractionQuality:2]]
[2021.10.31-21.07.29:900][  0]LogConfig: Setting CVar [[r.SSR.Quality:3]]
[2021.10.31-21.07.29:900][  0]LogConfig: Setting CVar [[r.SSR.HalfResSceneColor:0]]
[2021.10.31-21.07.29:900][  0]LogConfig: Setting CVar [[r.SceneColorFormat:4]]
[2021.10.31-21.07.29:900][  0]LogConfig: Setting CVar [[r.DetailMode:2]]
[2021.10.31-21.07.29:900][  0]LogConfig: Setting CVar [[r.TranslucencyVolumeBlur:1]]
[2021.10.31-21.07.29:900][  0]LogConfig: Setting CVar [[r.MaterialQualityLevel:1 ; High quality]]
[2021.10.31-21.07.29:900][  0]LogConfig: Setting CVar [[r.AnisotropicMaterials:1]]
[2021.10.31-21.07.29:900][  0]LogConfig: Setting CVar [[r.SSS.Scale:1]]
[2021.10.31-21.07.29:900][  0]LogConfig: Setting CVar [[r.SSS.SampleSet:2]]
[2021.10.31-21.07.29:900][  0]LogConfig: Setting CVar [[r.SSS.Quality:1]]
[2021.10.31-21.07.29:900][  0]LogConfig: Setting CVar [[r.SSS.HalfRes:0]]
[2021.10.31-21.07.29:900][  0]LogConfig: Setting CVar [[r.SSGI.Quality:3]]
[2021.10.31-21.07.29:900][  0]LogConfig: Setting CVar [[r.EmitterSpawnRateScale:1.0]]
[2021.10.31-21.07.29:900][  0]LogConfig: Setting CVar [[r.ParticleLightQuality:2]]
[2021.10.31-21.07.29:900][  0]LogConfig: Setting CVar [[r.SkyAtmosphere.AerialPerspectiveLUT.FastApplyOnOpaque:1 ; Always have FastSkyLUT 1 in this case to avoid wrong sky]]
[2021.10.31-21.07.29:900][  0]LogConfig: Setting CVar [[r.SkyAtmosphere.AerialPerspectiveLUT.SampleCountMaxPerSlice:4]]
[2021.10.31-21.07.29:900][  0]LogConfig: Setting CVar [[r.SkyAtmosphere.AerialPerspectiveLUT.DepthResolution:16.0]]
[2021.10.31-21.07.29:900][  0]LogConfig: Setting CVar [[r.SkyAtmosphere.FastSkyLUT:1]]
[2021.10.31-21.07.29:900][  0]LogConfig: Setting CVar [[r.SkyAtmosphere.FastSkyLUT.SampleCountMin:4.0]]
[2021.10.31-21.07.29:900][  0]LogConfig: Setting CVar [[r.SkyAtmosphere.FastSkyLUT.SampleCountMax:128.0]]
[2021.10.31-21.07.29:900][  0]LogConfig: Setting CVar [[r.SkyAtmosphere.SampleCountMin:4.0]]
[2021.10.31-21.07.29:900][  0]LogConfig: Setting CVar [[r.SkyAtmosphere.SampleCountMax:128.0]]
[2021.10.31-21.07.29:900][  0]LogConfig: Setting CVar [[r.SkyAtmosphere.TransmittanceLUT.UseSmallFormat:0]]
[2021.10.31-21.07.29:900][  0]LogConfig: Setting CVar [[r.SkyAtmosphere.TransmittanceLUT.SampleCount:10.0]]
[2021.10.31-21.07.29:900][  0]LogConfig: Setting CVar [[r.SkyAtmosphere.MultiScatteringLUT.SampleCount:15.0]]
[2021.10.31-21.07.29:900][  0]LogConfig: Setting CVar [[r.SkyLight.RealTimeReflectionCapture:1]]
[2021.10.31-21.07.29:900][  0]LogConfig: Applying CVar settings from Section [FoliageQuality@3] File [D:/GameDevelopment/UnrealEngine/GamedevTV/3ToonTanks/ToonTanks/Saved/Config/Windows/Scalability.ini]
[2021.10.31-21.07.29:900][  0]LogConfig: Setting CVar [[foliage.DensityScale:1.0]]
[2021.10.31-21.07.29:900][  0]LogConfig: Setting CVar [[grass.DensityScale:1.0]]
[2021.10.31-21.07.29:900][  0]LogConfig: Applying CVar settings from Section [ShadingQuality@3] File [D:/GameDevelopment/UnrealEngine/GamedevTV/3ToonTanks/ToonTanks/Saved/Config/Windows/Scalability.ini]
[2021.10.31-21.07.29:900][  0]LogConfig: Setting CVar [[r.HairStrands.SkyLighting.IntegrationType:2]]
[2021.10.31-21.07.29:900][  0]LogConfig: Setting CVar [[r.HairStrands.SkyAO.SampleCount:4]]
[2021.10.31-21.07.29:900][  0]LogConfig: Setting CVar [[r.HairStrands.Visibility.MSAA.SamplePerPixel:4]]
[2021.10.31-21.07.29:900][  0]LogConfig: Applying CVar settings from Section [Startup] File [../../../Engine/Config/ConsoleVariables.ini]
[2021.10.31-21.07.29:901][  0]LogConfig: Setting CVar [[net.UseAdaptiveNetUpdateFrequency:0]]
[2021.10.31-21.07.29:901][  0]LogConfig: Setting CVar [[p.chaos.AllowCreatePhysxBodies:1]]
[2021.10.31-21.07.29:901][  0]LogConfig: Setting CVar [[fx.SkipVectorVMBackendOptimizations:1]]
[2021.10.31-21.07.29:901][  0]LogConfig: Applying CVar settings from Section [ConsoleVariables] File [D:/GameDevelopment/UnrealEngine/GamedevTV/3ToonTanks/ToonTanks/Saved/Config/Windows/Engine.ini]
[2021.10.31-21.07.29:901][  0]LogConfig: Applying CVar settings from Section [ConsoleVariables] File [D:/GameDevelopment/UnrealEngine/GamedevTV/3ToonTanks/ToonTanks/Saved/Config/Windows/Editor.ini]
[2021.10.31-21.07.29:901][  0]LogInit: Computer: DESKTOP-H1IL9NN
[2021.10.31-21.07.29:901][  0]LogInit: User: sebas
[2021.10.31-21.07.29:901][  0]LogInit: CPU Page size=4096, Cores=8
[2021.10.31-21.07.29:901][  0]LogInit: High frequency timer resolution =10.000000 MHz
[2021.10.31-21.07.29:901][  0]LogMemory: Memory total: Physical=31.4GB (32GB approx)
[2021.10.31-21.07.29:901][  0]LogMemory: Platform Memory Stats for Windows
[2021.10.31-21.07.29:901][  0]LogMemory: Process Physical Memory: 145.54 MB used, 145.54 MB peak
[2021.10.31-21.07.29:901][  0]LogMemory: Process Virtual Memory: 125.05 MB used, 125.05 MB peak
[2021.10.31-21.07.29:901][  0]LogMemory: Physical Memory: 10963.11 MB used,  21158.40 MB free, 32121.50 MB total
[2021.10.31-21.07.29:901][  0]LogMemory: Virtual Memory: 134191560.00 MB used,  26167.89 MB free, 134217728.00 MB total
[2021.10.31-21.07.30:164][  0]LogWindows: WindowsPlatformFeatures enabled
[2021.10.31-21.07.30:186][  0]LogInit: Physics initialised using underlying interface: PhysX
[2021.10.31-21.07.30:187][  0]LogInit: Using OS detected language (en-US).
[2021.10.31-21.07.30:187][  0]LogInit: Using OS detected locale (en-US).
[2021.10.31-21.07.30:192][  0]LogTextLocalizationManager: No specific localization for 'en-US' exists, so the 'en' localization will be used.
[2021.10.31-21.07.30:443][  0]LogInit: Setting process to per monitor DPI aware
[2021.10.31-21.07.30:458][  0]LogWindowsTextInputMethodSystem: Display: IME system deactivated.
[2021.10.31-21.07.30:474][  0]LogSlate: New Slate User Created.  User Index 0, Is Virtual User: 0
[2021.10.31-21.07.30:474][  0]LogSlate: Slate User Registered.  User Index 0, Is Virtual User: 0
[2021.10.31-21.07.30:609][  0]LogD3D11RHI: Loaded GFSDK_Aftermath_Lib.x64.dll
[2021.10.31-21.07.30:614][  0]LogHMD: Failed to initialize OpenVR with code 110
[2021.10.31-21.07.30:614][  0]LogD3D11RHI: D3D11 min allowed feature level: 11_0
[2021.10.31-21.07.30:614][  0]LogD3D11RHI: D3D11 max allowed feature level: 11_0
[2021.10.31-21.07.30:614][  0]LogD3D11RHI: D3D11 adapters:
[2021.10.31-21.07.30:658][  0]LogD3D11RHI:    0. 'AMD Radeon RX 5600M' (Feature Level 11_0)
[2021.10.31-21.07.30:658][  0]LogD3D11RHI:       6103/0/16060 MB DedicatedVideo/DedicatedSystem/SharedSystem, Outputs:2, VendorId:0x1002
[2021.10.31-21.07.30:695][  0]LogD3D11RHI:    1. 'AMD Radeon(TM) Graphics' (Feature Level 11_0)
[2021.10.31-21.07.30:695][  0]LogD3D11RHI:       495/0/16060 MB DedicatedVideo/DedicatedSystem/SharedSystem, Outputs:0, VendorId:0x1002
[2021.10.31-21.07.30:697][  0]LogD3D11RHI:    2. 'Microsoft Basic Render Driver' (Feature Level 11_0)
[2021.10.31-21.07.30:697][  0]LogD3D11RHI:       0/0/16060 MB DedicatedVideo/DedicatedSystem/SharedSystem, Outputs:0, VendorId:0x1414
[2021.10.31-21.07.30:697][  0]LogD3D11RHI: Chosen D3D11 Adapter:
[2021.10.31-21.07.30:697][  0]LogD3D11RHI:     Description : AMD Radeon RX 5600M
[2021.10.31-21.07.30:697][  0]LogD3D11RHI:     VendorId    : 1002
[2021.10.31-21.07.30:697][  0]LogD3D11RHI:     DeviceId    : 731f
[2021.10.31-21.07.30:697][  0]LogD3D11RHI:     SubSysId    : 9f51028
[2021.10.31-21.07.30:697][  0]LogD3D11RHI:     Revision    : 00c2
[2021.10.31-21.07.30:697][  0]LogD3D11RHI:     DedicatedVideoMemory : 6399930368 bytes
[2021.10.31-21.07.30:697][  0]LogD3D11RHI:     DedicatedSystemMemory : 0 bytes
[2021.10.31-21.07.30:697][  0]LogD3D11RHI:     SharedSystemMemory : 16840919040 bytes
[2021.10.31-21.07.30:697][  0]LogD3D11RHI:     AdapterLuid : 0 77872
[2021.10.31-21.07.30:706][  0]LogD3D11RHI: Creating new Direct3DDevice
[2021.10.31-21.07.30:706][  0]LogD3D11RHI:     GPU DeviceId: 0x731f (for the marketing name, search the web for "GPU Device Id")
[2021.10.31-21.07.30:706][  0]LogWindows: EnumDisplayDevices:
[2021.10.31-21.07.30:706][  0]LogWindows:    0. 'AMD Radeon(TM) Graphics' (P:1 D:1)
[2021.10.31-21.07.30:707][  0]LogWindows:    1. 'AMD Radeon(TM) Graphics' (P:0 D:0)
[2021.10.31-21.07.30:707][  0]LogWindows:    2. 'AMD Radeon(TM) Graphics' (P:0 D:0)
[2021.10.31-21.07.30:707][  0]LogWindows:    3. 'AMD Radeon(TM) Graphics' (P:0 D:0)
[2021.10.31-21.07.30:707][  0]LogWindows:    4. 'AMD Radeon(TM) Graphics' (P:0 D:0)
[2021.10.31-21.07.30:708][  0]LogWindows:    5. 'AMD Radeon RX 5600M' (P:0 D:1)
[2021.10.31-21.07.30:708][  0]LogWindows:    6. 'AMD Radeon RX 5600M' (P:0 D:0)
[2021.10.31-21.07.30:708][  0]LogWindows:    7. 'AMD Radeon RX 5600M' (P:0 D:0)
[2021.10.31-21.07.30:708][  0]LogWindows:    8. 'AMD Radeon RX 5600M' (P:0 D:0)
[2021.10.31-21.07.30:709][  0]LogWindows:    9. 'AMD Radeon RX 5600M' (P:0 D:0)
[2021.10.31-21.07.30:709][  0]LogWindows:    10. 'AMD Radeon RX 5600M' (P:0 D:0)
[2021.10.31-21.07.30:709][  0]LogWindows: DebugString: PrimaryIsNotTheChoosenAdapter PrimaryIsNotTheChoosenAdapter PrimaryIsNotTheChoosenAdapter PrimaryIsNotTheChoosenAdapter PrimaryIsNotTheChoosenAdapter FoundDriverCount:6 
[2021.10.31-21.07.30:709][  0]LogD3D11RHI:     Adapter Name: AMD Radeon RX 5600M
[2021.10.31-21.07.30:709][  0]LogD3D11RHI:   Driver Version: Adrenalin 2020 21.8.2 (internal:27.20.22025.1006, unified:27.20.22025.1006)
[2021.10.31-21.07.30:709][  0]LogD3D11RHI:      Driver Date: 8-24-2021
[2021.10.31-21.07.30:709][  0]LogRHI: Texture pool is 3734 MB (70% of 5335 MB)
[2021.10.31-21.07.30:738][  0]LogD3D11RHI: Creating D3DDevice with AMD AGS, using adapter:
[2021.10.31-21.07.30:738][  0]LogD3D11RHI:     Description : AMD Radeon RX 5600M
[2021.10.31-21.07.30:738][  0]LogD3D11RHI:     VendorId    : 1002
[2021.10.31-21.07.30:738][  0]LogD3D11RHI:     DeviceId    : 731f
[2021.10.31-21.07.30:738][  0]LogD3D11RHI:     SubSysId    : 9f51028
[2021.10.31-21.07.30:738][  0]LogD3D11RHI:     Revision    : 00c2
[2021.10.31-21.07.30:738][  0]LogD3D11RHI:     DedicatedVideoMemory : 6399930368 bytes
[2021.10.31-21.07.30:738][  0]LogD3D11RHI:     DedicatedSystemMemory : 0 bytes
[2021.10.31-21.07.30:738][  0]LogD3D11RHI:     SharedSystemMemory : 16840919040 bytes
[2021.10.31-21.07.30:738][  0]LogD3D11RHI:     AdapterLuid : 0 77872
[2021.10.31-21.07.30:773][  0]LogD3D11RHI: Created device via AGS, feature level 11_0, supported extensions 1fffffbf.
[2021.10.31-21.07.30:774][  0]LogD3D11RHI: RHI has support for 64 bit atomics
[2021.10.31-21.07.30:774][  0]LogD3D11RHI: Async texture creation enabled
[2021.10.31-21.07.30:774][  0]LogD3D11RHI: Array index from any shader is supported
[2021.10.31-21.07.30:788][  0]LogD3D11RHI: GPU Timing Frequency: 100.000000 (Debug: 2 1)
[2021.10.31-21.07.31:087][  0]LogTargetPlatformManager: Display: Loaded TargetPlatform 'AllDesktop'
[2021.10.31-21.07.31:114][  0]LogTargetPlatformManager: Display: Loaded TargetPlatform 'Android'
[2021.10.31-21.07.31:114][  0]LogTargetPlatformManager: Display: Loaded TargetPlatform 'Android_ASTC'
[2021.10.31-21.07.31:114][  0]LogTargetPlatformManager: Display: Loaded TargetPlatform 'Android_DXT'
[2021.10.31-21.07.31:114][  0]LogTargetPlatformManager: Display: Loaded TargetPlatform 'Android_ETC2'
[2021.10.31-21.07.31:114][  0]LogTargetPlatformManager: Display: Loaded TargetPlatform 'AndroidClient'
[2021.10.31-21.07.31:114][  0]LogTargetPlatformManager: Display: Loaded TargetPlatform 'Android_ASTCClient'
[2021.10.31-21.07.31:114][  0]LogTargetPlatformManager: Display: Loaded TargetPlatform 'Android_DXTClient'
[2021.10.31-21.07.31:114][  0]LogTargetPlatformManager: Display: Loaded TargetPlatform 'Android_ETC2Client'
[2021.10.31-21.07.31:114][  0]LogTargetPlatformManager: Display: Loaded TargetPlatform 'Android_Multi'
[2021.10.31-21.07.31:114][  0]LogTargetPlatformManager: Display: Loaded TargetPlatform 'Android_MultiClient'
[2021.10.31-21.07.31:134][  0]LogTargetPlatformManager: Display: Loaded TargetPlatform 'IOSClient'
[2021.10.31-21.07.31:134][  0]LogTargetPlatformManager: Display: Loaded TargetPlatform 'IOS'
[2021.10.31-21.07.31:146][  0]LogTargetPlatformManager: Display: Loaded TargetPlatform 'Linux'
[2021.10.31-21.07.31:151][  0]LogTargetPlatformManager: Display: Loaded TargetPlatform 'LinuxNoEditor'
[2021.10.31-21.07.31:155][  0]LogTargetPlatformManager: Display: Loaded TargetPlatform 'LinuxClient'
[2021.10.31-21.07.31:159][  0]LogTargetPlatformManager: Display: Loaded TargetPlatform 'LinuxServer'
[2021.10.31-21.07.31:171][  0]LogTargetPlatformManager: Display: Loaded TargetPlatform 'LinuxAArch64NoEditor'
[2021.10.31-21.07.31:175][  0]LogTargetPlatformManager: Display: Loaded TargetPlatform 'LinuxAArch64Client'
[2021.10.31-21.07.31:180][  0]LogTargetPlatformManager: Display: Loaded TargetPlatform 'LinuxAArch64Server'
[2021.10.31-21.07.31:211][  0]LogTargetPlatformManager: Display: Loaded TargetPlatform 'Lumin'
[2021.10.31-21.07.31:212][  0]LogTargetPlatformManager: Display: Loaded TargetPlatform 'LuminClient'
[2021.10.31-21.07.31:222][  0]LogTargetPlatformManager: Display: Loaded TargetPlatform 'MacNoEditor'
[2021.10.31-21.07.31:227][  0]LogTargetPlatformManager: Display: Loaded TargetPlatform 'Mac'
[2021.10.31-21.07.31:231][  0]LogTargetPlatformManager: Display: Loaded TargetPlatform 'MacClient'
[2021.10.31-21.07.31:236][  0]LogTargetPlatformManager: Display: Loaded TargetPlatform 'MacServer'
[2021.10.31-21.07.31:248][  0]LogTargetPlatformManager: Display: Loaded TargetPlatform 'TVOSClient'
[2021.10.31-21.07.31:248][  0]LogTargetPlatformManager: Display: Loaded TargetPlatform 'TVOS'
[2021.10.31-21.07.31:259][  0]LogTargetPlatformManager: Display: Loaded TargetPlatform 'WindowsNoEditor'
[2021.10.31-21.07.31:264][  0]LogTargetPlatformManager: Display: Loaded TargetPlatform 'Windows'
[2021.10.31-21.07.31:269][  0]LogTargetPlatformManager: Display: Loaded TargetPlatform 'WindowsClient'
[2021.10.31-21.07.31:274][  0]LogTargetPlatformManager: Display: Loaded TargetPlatform 'WindowsServer'
[2021.10.31-21.07.31:274][  0]LogTargetPlatformManager: Display: Building Assets For Windows
[2021.10.31-21.07.31:282][  0]LogAudioDebug: Display: Lib vorbis DLL was dynamically loaded.
[2021.10.31-21.07.31:317][  0]LogTextureFormatOodle: Display: Oodle Texture 2.9.0 init RDO Off
[2021.10.31-21.07.31:348][  0]LogRendererCore: Ray tracing is disabled. Reason: r.RayTracing=0.
[2021.10.31-21.07.31:348][  0]LogShaderCompilers: Guid format shader working directory is -17 characters bigger than the processId version (D:/GameDevelopment/UnrealEngine/GamedevTV/3ToonTanks/ToonTanks/Intermediate/Shaders/WorkingDirectory/24476/).
[2021.10.31-21.07.31:348][  0]LogShaderCompilers: Cleaned the shader compiler working directory 'C:/Users/sebas/AppData/Local/Temp/UnrealShaderWorkingDir/42A5E0AA475687E6462653A8977404A5/'.
[2021.10.31-21.07.31:348][  0]LogXGEController: Cannot use XGE Controller as Incredibuild is not installed on this machine.
[2021.10.31-21.07.31:348][  0]LogShaderCompilers: Cannot use XGE Shader Compiler as Incredibuild is not installed on this machine.
[2021.10.31-21.07.31:348][  0]LogShaderCompilers: Display: Using Local Shader Compiler.
[2021.10.31-21.07.32:166][  0]LogDerivedDataCache: Display: Max Cache Size: 512 MB
[2021.10.31-21.07.32:220][  0]LogDerivedDataCache: Loaded boot cache 0.05s 94MB C:/Users/sebas/AppData/Local/UnrealEngine/4.27/DerivedDataCache/Boot.ddc.
[2021.10.31-21.07.32:220][  0]LogDerivedDataCache: Display: Loaded Boot cache: C:/Users/sebas/AppData/Local/UnrealEngine/4.27/DerivedDataCache/Boot.ddc
[2021.10.31-21.07.32:220][  0]LogDerivedDataCache: FDerivedDataBackendGraph:  Pak pak cache file D:/GameDevelopment/UnrealEngine/GamedevTV/3ToonTanks/ToonTanks/DerivedDataCache/DDC.ddp not found, will not use a pak cache.
[2021.10.31-21.07.32:220][  0]LogDerivedDataCache: Unable to find inner node Pak for hierarchical cache Hierarchy.
[2021.10.31-21.07.32:220][  0]LogDerivedDataCache: FDerivedDataBackendGraph:  CompressedPak pak cache file D:/GameDevelopment/UnrealEngine/GamedevTV/3ToonTanks/ToonTanks/DerivedDataCache/Compressed.ddp not found, will not use a pak cache.
[2021.10.31-21.07.32:220][  0]LogDerivedDataCache: Unable to find inner node CompressedPak for hierarchical cache Hierarchy.
[2021.10.31-21.07.32:238][  0]LogDerivedDataCache: Display: Pak cache opened for reading ../../../Engine/DerivedDataCache/Compressed.ddp.
[2021.10.31-21.07.32:238][  0]LogDerivedDataCache: FDerivedDataBackendGraph:  EnterprisePak pak cache file ../../../Enterprise/DerivedDataCache/Compressed.ddp not found, will not use a pak cache.
[2021.10.31-21.07.32:238][  0]LogDerivedDataCache: Unable to find inner node EnterprisePak for hierarchical cache Hierarchy.
[2021.10.31-21.07.32:250][  0]LogDerivedDataCache: Speed tests for C:/Users/sebas/AppData/Local/UnrealEngine/Common/DerivedDataCache took 0.01 seconds
[2021.10.31-21.07.32:250][  0]LogDerivedDataCache: Display: Performance to C:/Users/sebas/AppData/Local/UnrealEngine/Common/DerivedDataCache: Latency=0.02ms. RandomReadSpeed=264.99MBs, RandomWriteSpeed=123.02MBs. Assigned SpeedClass 'Local'
[2021.10.31-21.07.32:250][  0]LogDerivedDataCache: Using Local data cache path C:/Users/sebas/AppData/Local/UnrealEngine/Common/DerivedDataCache: Writable
[2021.10.31-21.07.32:251][  0]LogDerivedDataCache: Shared data cache path not found in *engine.ini, will not use an Shared cache.
[2021.10.31-21.07.32:251][  0]LogDerivedDataCache: Unable to find inner node Shared for hierarchical cache Hierarchy.
[2021.10.31-21.07.32:296][  0]LogSlate: Using FreeType 2.10.0
[2021.10.31-21.07.32:296][  0]LogSlate: SlateFontServices - WITH_FREETYPE: 1, WITH_HARFBUZZ: 1
[2021.10.31-21.07.32:335][  0]LogAssetRegistry: FAssetRegistry took 0.0061 seconds to start up
[2021.10.31-21.07.32:644][  0]LogFileManager: Warning: DeleteFile was unable to delete 'D:/GameDevelopment/UnrealEngine/GamedevTV/3ToonTanks/ToonTanks/Intermediate/CachedAssetRegistry.bin', retrying in .5s...
[2021.10.31-21.07.32:644][  0]LogInit: Selected Device Profile: [Windows]
[2021.10.31-21.07.32:644][  0]LogInit: Active device profile: [000002DDFF3A9E00][000002DDFE68AC00 49] Windows
[2021.10.31-21.07.32:644][  0]LogInit: Profiles: [000002DDFF3A9E00][000002DDFE68AC00 49] Windows, [000002DDFF3B7800][000002DDF8636D80 49] WindowsNoEditor, [000002DDFF3A9B00][000002DDF6C4CF00 49] WindowsServer, [000002DDFF3B4100][000002DDFD38D080 49] WindowsClient, [000002DDFF3A8200][000002DDF861F200 49] IOS, [000002DDFF3B7E00][000002DDF8623380 49] iPadAir, [000002DDFF3A9300][000002DDF8627500 49] iPadAir2, [000002DDFF365300][000002DDFD3DD7C0 49] IPadPro, [000002DDFF365400][000002DDFD3D9800 49] iPadAir3, [000002DDFF3AB800][000002DDFD3E1980 49] iPadAir4, [000002DDFF366F00][000002DDFD3E5B00 49] iPadMini2, [000002DDFF3A8B00][000002DDFD3E8100 49] iPadMini3, [000002DDFF365E00][000002DDFD3EC280 49] iPadMini4, [000002DDFF3AAB00][000002DDFD3F0400 49] iPadMini5, [000002DDFF390C00][000002DDFD3F86C0 49] iPhone6, [000002DDFF390D00][000002DDFD3F4700 49] iPodTouch6, [000002DDFF3B7100][000002DDFD3FC940 49] iPhone7, [000002DDFF3B7200][000002DDFD400980 49] iPodTouch7, [000002DDFF390300][000002DDF6C06AC0 49] iPhone5S, [000002DDFF365900][000002DDF6C0EC40 49] iPhone6Plus, [000002DDFF3B7500][000002DDF6C12DC0 49] iPhone6S, [000002DDFF367A00][000002DDF6C16F40 49] iPhone6SPlus, [000002DDFF3B6900][000002DDF6C1B0C0 49] iPhone7Plus, [000002DDFF365100][000002DDF6C1F240 49] iPhoneSE, [000002DDFF3B4500][000002DDF6C233C0 49] iPhone8, [000002DDFF366300][000002DDF6C27540 49] iPhone8Plus, [000002DDFF3B7A00][000002DDF6C2B6C0 49] iPhoneX, [000002DDFF367700][000002DDF6C2F840 49] iPhoneXS, [000002DDFF3B6400][000002DDF6C339C0 49] iPhoneXSMax, [000002DDFF366A00][000002DDF85B1B40 49] iPhoneXR, [000002DDFF3B5B00][000002DDF85B4140 49] iPhone11, [000002DDFF367600][000002DDF85B82C0 49] iPhone11Pro, [000002DDFF3B6F00][000002DDF85BC440 49] iPhone11ProMax, [000002DDFF364300][000002DDF85C05C0 49] iPhoneSE2, [000002DDFF3B6200][000002DDF85C4740 49] iPhone12Mini, [000002DDFF366900][000002DDF85C88C0 49] iPhone12, [000002DDFF3B5A00][000002DDF6C0AA00 49] iPhone12Pro, [000002DDFF366200][000002DDF85CCB40 49] iPhone12ProMax, [000002DDFF3B7300][000002DDFD35AC80 49] iPadPro105, [000002DDFF365A00][000002DDFD35EDC0 49] iPadPro129, [000002DDFF3B6600][000002DDFD366F40 49] iPadPro97, [000002DDFF365800][000002DDFD36B0C0 49] iPadPro2_129, [000002DDFF3B5C00][000002DDFD36F240 49] iPad5, [000002DDFF365600][000002DDFD3733C0 49] iPad6, [000002DDFF3B7B00][000002DDFD377540 49] iPad7, [000002DDFF367F00][000002DDFD37B6C0 49] iPad8, [000002DDFF3B5300][000002DDFD37F840 49] iPadPro11, [000002DDFF364E00][000002DDFE54B9C0 49] iPadPro2_11, [000002DDFF3B6300][000002DDFE54FB40 49] iPadPro3_129, [000002DDFF367C00][000002DDFE552140 49] iPadPro4_129, [000002DDFF3B4E00][000002DDFE5562C0 49] AppleTV, [000002DDFF364B00][000002DDFE55A440 49] AppleTV4K, [000002DDFF3B5F00][000002DDFE55E5C0 49] TVOS, [000002DDFF366600][000002DDFE562740 49] Mac, [000002DDFF3B4D00][000002DDFE5668C0 49] MacClient, [000002DDFF366400][000002DDFE56AA40 49] MacNoEditor, [000002DDFF3B4700][000002DDFD362B80 49] MacServer, [000002DDFF364A00][000002DDFE56ECC0 49] Linux, [000002DDFF3B4900][000002DDFE572E00 49] LinuxAArch64, [000002DDFF365700][000002DDFE576F40 49] LinuxNoEditor, [000002DDFF3B6000][000002DDFE57F0C0 49] LinuxAArch64NoEditor, [000002DDFF364700][000002DDFE583240 49] LinuxClient, [000002DDFF3B7F00][000002DDFE5873C0 49] LinuxAArch64Client, [000002DDFF366B00][000002DDFE58B540 49] LinuxServer, [000002DDFF3B4B00][000002DDFE58F6C0 49] LinuxAArch64Server, [000002DDFF364D00][000002DDFE593840 49] Android, [000002DDFF3B4300][000002DDFE5979C0 49] Android_Low, [000002DDFF3AA900][000002DDFE59BB40 49] Android_Mid, [000002DDFF393100][000002DDFE59E140 49] Android_High, [000002DDFF3A8C00][000002DDFE5A22C0 49] Android_Default, [000002DDFF392500][000002DDFE5A6440 49] Android_Adreno4xx, [000002DDFF3AAA00][000002DDFE5AA5C0 49] Android_Adreno5xx_Low, [000002DDFF392C00][000002DDFE5AE740 49] Android_Adreno5xx, [000002DDFF3AB600][000002DDFE5B28C0 49] Android_Adreno6xx, [000002DDFF391C00][000002DDFE5B6A40 49] Android_Adreno6xx_Vulkan, [000002DDFF3AB200][000002DDFE5BABC0 49] Android_Mali_T6xx, [000002DDFF393200][000002DDFE5BED40 49] Android_Mali_T7xx, [000002DDFF3A8600][000002DDFE57AE80 49] Android_Mali_T8xx, [000002DDFF392400][000002DDFE5C2FC0 49] Android_Mali_G71, [000002DDFF3ABA00][000002DDFE5C7100 49] Android_Mali_G72, [000002DDFF392600][000002DDFE757280 49] Android_Mali_G72_Vulkan, [000002DDFF3ABF00][000002DDFE75B400 49] Android_Mali_G76, [000002DDFF392100][000002DDFE75F580 49] Android_Mali_G76_Vulkan, [000002DDFF3AA100][000002DDFE763700 49] Android_Mali_G77, [000002DDFF393500][000002DDFE767880 49] Android_Mali_G77_Vulkan, [000002DDFF3AAC00][000002DDFE76BA00 49] Android_Mali_G78, [000002DDFF393F00][000002DDFE76FB80 49] Android_Mali_G78_Vulkan, [000002DDFF3AB900][000002DDFE772180 49] Android_Mali_G710, [000002DDFF393A00][000002DDFE776300 49] Android_Mali_G710_Vulkan, [000002DDFF3AA400][000002DDFE77A480 49] Android_Vulkan_SM5, [000002DDFF3B7400][000002DDFE77E600 49] Android_PowerVR_G6xxx, [000002DDFF3AA600][000002DDFE782780 49] Android_PowerVR_GT7xxx, [000002DDFF3B5200][000002DDFE786900 49] Android_PowerVR_GE8xxx, [000002DDFF3A8400][000002DDFE78AA80 49] Android_PowerVR_GM9xxx, [000002DDFF3B5500][000002DDFE78EC00 49] Android_PowerVR_GM9xxx_Vulkan, [000002DDFF3A9900][000002DDFE792D80 49] Android_TegraK1, [000002DDFF3B7600][000002DDFE796F00 49] Android_Unknown_Vulkan, [000002DDFF3A9000][000002DDFE753040 49] Lumin, [000002DDFF3B7900][000002DDFE79B180 49] Lumin_Desktop, [000002DDFF3A8F00][000002DDFE79F2C0 49] HoloLens, 
[2021.10.31-21.07.32:775][  0]LogMeshReduction: Using QuadricMeshReduction for automatic static mesh reduction
[2021.10.31-21.07.32:775][  0]LogMeshReduction: Using SimplygonMeshReduction for automatic skeletal mesh reduction
[2021.10.31-21.07.32:775][  0]LogMeshReduction: Using ProxyLODMeshReduction for automatic mesh merging
[2021.10.31-21.07.32:775][  0]LogMeshReduction: No distributed automatic mesh merging module available
[2021.10.31-21.07.32:775][  0]LogMeshMerging: No distributed automatic mesh merging module available
[2021.10.31-21.07.32:792][  0]LogNetVersion: ToonTanks 1.0.0, NetCL: 17155196, EngineNetVer: 17, GameNetVer: 0 (Checksum: 3806074785)
[2021.10.31-21.07.33:201][  0]LogFileManager: Warning: DeleteFile recovered during retry!
[2021.10.31-21.07.33:201][  0]LogTexture: Default maximum texture size for cubemaps generated from long-lat sources has been changed from 512 to unlimited. In order to preserve old behaiour for '/Engine/MapTemplates/Sky/DaylightAmbientCubemap.DaylightAmbientCubemap', its maximum texture size has been explicitly set to 512.
[2021.10.31-21.07.33:260][  0]LogHMD: PokeAHoleMaterial loaded successfully
[2021.10.31-21.07.33:269][  0]LogUObjectArray: 17174 objects as part of root set at end of initial load.
[2021.10.31-21.07.33:269][  0]LogUObjectAllocator: 4300288 out of 0 bytes used by permanent object pool.
[2021.10.31-21.07.33:269][  0]LogUObjectArray: CloseDisregardForGC: 0/0 objects in disregard for GC pool
[2021.10.31-21.07.33:659][  0]LogPython: Using Python 3.7.7
[2021.10.31-21.07.34:186][  0]LogNiagaraDebuggerClient: Niagara Debugger Client Initialized | Session: 547B0CBE46AF73A4614F0F8ACD27D374 | Instance: 61D1DF0F4677D73CBDDB7799686F7031 (DESKTOP-H1IL9NN-24476).
[2021.10.31-21.07.34:237][  0]LogImageWrapper: Warning: PNG Warning: Duplicate iCCP chunk
[2021.10.31-21.07.34:237][  0]LogImageWrapper: Warning: PNG Warning: Duplicate iCCP chunk
[2021.10.31-21.07.34:237][  0]LogTcpMessaging: Initializing TcpMessaging bridge
[2021.10.31-21.07.34:242][  0]LogUdpMessaging: Initializing bridge on interface 0.0.0.0:0 to multicast group 230.0.0.1:6666.
[2021.10.31-21.07.34:407][  0]SourceControl: Source control is disabled
[2021.10.31-21.07.34:407][  0]SourceControl: Source control is disabled
[2021.10.31-21.07.34:411][  0]SourceControl: Source control is disabled
[2021.10.31-21.07.34:414][  0]SourceControl: Source control is disabled
[2021.10.31-21.07.34:422][  0]SourceControl: Source control is disabled
[2021.10.31-21.07.34:426][  0]LogUProjectInfo: Found projects:
[2021.10.31-21.07.34:644][  0]LogOpenImageDenoise: OIDN starting up
[2021.10.31-21.07.34:663][  0]LogAndroidPermission: UAndroidPermissionCallbackProxy::GetInstance
[2021.10.31-21.07.34:695][  0]LogAudioCaptureCore: Display: No Audio Capture implementations found. Audio input will be silent.
[2021.10.31-21.07.34:695][  0]LogAudioCaptureCore: Display: No Audio Capture implementations found. Audio input will be silent.
[2021.10.31-21.07.34:868][  0]LogCollectionManager: Loaded 0 collections in 0.000897 seconds
[2021.10.31-21.07.34:903][  0]LogFileCache: Scanning file cache for directory 'D:/GameDevelopment/UnrealEngine/GamedevTV/3ToonTanks/ToonTanks/Saved/Collections/' took 0.00s
[2021.10.31-21.07.34:903][  0]LogFileCache: Scanning file cache for directory 'D:/GameDevelopment/UnrealEngine/GamedevTV/3ToonTanks/ToonTanks/Content/Developers/sebas/Collections/' took 0.00s
[2021.10.31-21.07.34:903][  0]LogFileCache: Scanning file cache for directory 'D:/GameDevelopment/UnrealEngine/GamedevTV/3ToonTanks/ToonTanks/Content/Collections/' took 0.00s
[2021.10.31-21.07.34:903][  0]LogOcInput: OculusInput pre-init called
[2021.10.31-21.07.35:186][  0]LogImageWrapper: Warning: PNG Warning: Duplicate iCCP chunk
[2021.10.31-21.07.35:186][  0]LogImageWrapper: Warning: PNG Warning: Duplicate iCCP chunk
[2021.10.31-21.07.35:186][  0]LogEngine: Initializing Engine...
[2021.10.31-21.07.35:196][  0]LogHMD: Failed to enumerate extensions. Please check that you have a valid OpenXR runtime installed.
[2021.10.31-21.07.35:197][  0]LogHMD: Failed to initialize OpenVR with code 110
[2021.10.31-21.07.35:197][  0]LogMagicLeap: Warning: VR disabled because ZI is not enabled.  To enable, in the editor, Edit -> Project Settings -> Plugins -> Magic Leap Plugin -> Enable Zero Iteration
[2021.10.31-21.07.35:198][  0]LogStats: UGameplayTagsManager::InitializeManager -  0.000 s
[2021.10.31-21.07.35:342][  0]LogInit: Initializing FReadOnlyCVARCache
[2021.10.31-21.07.35:353][  0]LogAIModule: Creating AISystem for world Untitled
[2021.10.31-21.07.35:373][  0]LogAudio: Display: Initializing Audio Device Manager...
[2021.10.31-21.07.35:377][  0]LogAudio: Display: Loading Default Audio Settings Objects...
[2021.10.31-21.07.35:377][  0]LogAudio: Display: No default SoundConcurrencyObject specified (or failed to load).
[2021.10.31-21.07.35:378][  0]LogAudio: Display: Audio Device Manager Initialized
[2021.10.31-21.07.35:378][  0]LogAudio: Display: Creating Audio Device:                 Id: 1, Scope: Shared, Realtime: True
[2021.10.31-21.07.35:378][  0]LogAudioMixer: Display: Audio Mixer Platform Settings:
[2021.10.31-21.07.35:378][  0]LogAudioMixer: Display: 	Sample Rate:						  48000
[2021.10.31-21.07.35:378][  0]LogAudioMixer: Display: 	Callback Buffer Frame Size Requested: 1024
[2021.10.31-21.07.35:378][  0]LogAudioMixer: Display: 	Callback Buffer Frame Size To Use:	  1024
[2021.10.31-21.07.35:378][  0]LogAudioMixer: Display: 	Number of buffers to queue:			  2
[2021.10.31-21.07.35:378][  0]LogAudioMixer: Display: 	Max Channels (voices):				  32
[2021.10.31-21.07.35:378][  0]LogAudioMixer: Display: 	Number of Async Source Workers:		  0
[2021.10.31-21.07.35:378][  0]LogAudio: Display: AudioDevice MaxSources: 32
[2021.10.31-21.07.35:378][  0]LogAudio: Display: Audio Spatialization Plugin: None (built-in).
[2021.10.31-21.07.35:378][  0]LogAudio: Display: Audio Reverb Plugin: None (built-in).
[2021.10.31-21.07.35:378][  0]LogAudio: Display: Audio Occlusion Plugin: None (built-in).
[2021.10.31-21.07.35:378][  0]LogAudioMixer: Display: Initializing audio mixer.
[2021.10.31-21.07.35:488][  0]LogAudioMixer: Display: 0: FrontLeft
[2021.10.31-21.07.35:488][  0]LogAudioMixer: Display: 1: FrontRight
[2021.10.31-21.07.35:488][  0]LogAudioMixer: Display: 2: FrontCenter
[2021.10.31-21.07.35:488][  0]LogAudioMixer: Display: 3: LowFrequency
[2021.10.31-21.07.35:488][  0]LogAudioMixer: Display: 4: BackLeft
[2021.10.31-21.07.35:488][  0]LogAudioMixer: Display: 5: BackRight
[2021.10.31-21.07.35:488][  0]LogAudioMixer: Display: 6: SideLeft
[2021.10.31-21.07.35:488][  0]LogAudioMixer: Display: 7: SideRight
[2021.10.31-21.07.35:775][  0]LogAudioMixer: Display: Using Audio Device Headphones (2- Realtek(R) Audio)
[2021.10.31-21.07.35:777][  0]LogAudioMixer: Display: Initializing Sound Submixes...
[2021.10.31-21.07.35:781][  0]LogAudioMixer: Display: Creating Master Submix 'MasterSubmixDefault'
[2021.10.31-21.07.35:781][  0]LogAudioMixer: Display: Creating Master Submix 'MasterReverbSubmixDefault'
[2021.10.31-21.07.35:781][  0]LogAudioMixer: Display: Creating Master Submix 'MasterEQSubmixDefault'
[2021.10.31-21.07.35:782][  0]LogAudioMixer: FMixerPlatformXAudio2::StartAudioStream() called
[2021.10.31-21.07.35:782][  0]LogAudioMixer: Display: Output buffers initialized: Frames=1024, Channels=8, Samples=8192
[2021.10.31-21.07.35:783][  0]LogAudioMixer: Display: Starting AudioMixerPlatformInterface::RunInternal()
[2021.10.31-21.07.35:783][  0]LogAudioMixer: Display: FMixerPlatformXAudio2::SubmitBuffer() called for the first time
[2021.10.31-21.07.35:783][  0]LogInit: FAudioDevice initialized.
[2021.10.31-21.07.35:783][  0]LogAudio: Display: Audio Device (ID: 1) registered with world 'Untitled'.
[2021.10.31-21.07.35:783][  0]LogNetVersion: Set ProjectVersion to 1.0.0.0. Version Checksum will be recalculated on next use.
[2021.10.31-21.07.35:862][  0]LogDerivedDataCache: Saved boot cache 0.08s 94MB C:/Users/sebas/AppData/Local/UnrealEngine/4.27/DerivedDataCache/Boot.ddc.
[2021.10.31-21.07.35:862][  0]LogInit: Texture streaming: Enabled
[2021.10.31-21.07.35:879][  0]LogAnalytics: Display: [UEEditor.Rocket.Release] APIServer = https://datarouter.ol.epicgames.com/. AppVersion = 4.27.1-17735300+++UE4+Release-4.27
[2021.10.31-21.07.35:884][  0]LogEngineSessionManager: EngineSessionManager initialized
[2021.10.31-21.07.35:884][  0]LogEditorSessionSummary: Verbose: Initializing EditorSessionSummaryWriter for editor session tracking
[2021.10.31-21.07.35:887][  0]LogEditorSessionSummary: EditorSessionSummaryWriter initialized
[2021.10.31-21.07.35:922][  0]LogInit: Transaction tracking system initialized
[2021.10.31-21.07.35:951][  0]BlueprintLog: New page: Editor Load
[2021.10.31-21.07.36:026][  0]LocalizationService: Localization service is disabled
[2021.10.31-21.07.36:053][  0]TimingProfiler: Initialize
[2021.10.31-21.07.36:053][  0]TimingProfiler: OnSessionChanged
[2021.10.31-21.07.36:053][  0]LoadingProfiler: Initialize
[2021.10.31-21.07.36:053][  0]LoadingProfiler: OnSessionChanged
[2021.10.31-21.07.36:053][  0]NetworkingProfiler: Initialize
[2021.10.31-21.07.36:053][  0]NetworkingProfiler: OnSessionChanged
[2021.10.31-21.07.36:053][  0]MemoryProfiler: Initialize
[2021.10.31-21.07.36:053][  0]MemoryProfiler: OnSessionChanged
[2021.10.31-21.07.36:239][  0]LogCook: Display: CookSettings for Memory: MemoryMaxUsedVirtual 0MiB, MemoryMaxUsedPhysical 16384MiB, MemoryMinFreeVirtual 0MiB, MemoryMinFreePhysical 1024MiB
[2021.10.31-21.07.36:239][  0]LogCook: Display: Mobile HDR setting 1
[2021.10.31-21.07.36:400][  0]LogFileCache: Scanning file cache for directory 'D:/GameDevelopment/UnrealEngine/GamedevTV/3ToonTanks/ToonTanks/Content/' took 0.00s
[2021.10.31-21.07.36:666][  0]LogImageWrapper: Warning: PNG Warning: Duplicate iCCP chunk
[2021.10.31-21.07.36:666][  0]LogImageWrapper: Warning: PNG Warning: Duplicate iCCP chunk
[2021.10.31-21.07.36:666][  0]LogInit: Display: Engine is initialized. Leaving FEngineLoop::Init()
[2021.10.31-21.07.36:670][  0]SourceControl: Source control is disabled
[2021.10.31-21.07.36:670][  0]LogUnrealEdMisc: Loading editor; pre map load, took 8.079
[2021.10.31-21.07.36:670][  0]Cmd: MAP LOAD FILE="D:/GameDevelopment/UnrealEngine/GamedevTV/3ToonTanks/ToonTanks/Content/Maps/Main.umap" TEMPLATE=0 SHOWPROGRESS=1 FEATURELEVEL=3
[2021.10.31-21.07.36:671][  0]LightingResults: New page: Lighting Build
[2021.10.31-21.07.36:673][  0]LogWorld: UWorld::CleanupWorld for Untitled, bSessionEnded=true, bCleanupResources=true
[2021.10.31-21.07.36:673][  0]LogSlate: InvalidateAllWidgets triggered.  All widgets were invalidated
[2021.10.31-21.07.36:673][  0]MapCheck: New page: Map Check
[2021.10.31-21.07.36:673][  0]LightingResults: New page: Lighting Build
[2021.10.31-21.07.36:690][  0]LogAudio: Display: Audio Device unregistered from world 'None'.
[2021.10.31-21.07.36:694][  0]LogUObjectHash: Compacting FUObjectHashTables data took   1.47ms
[2021.10.31-21.07.36:939][  0]LogAudio: Display: Audio Device (ID: 1) registered with world 'Main'.
[2021.10.31-21.07.36:940][  0]LogAIModule: Creating AISystem for world Main
[2021.10.31-21.07.36:947][  0]LogEditorServer: Finished looking for orphan Actors (0.000 secs)
[2021.10.31-21.07.37:001][  0]LogUObjectHash: Compacting FUObjectHashTables data took   1.32ms
[2021.10.31-21.07.37:001][  0]Cmd: MAP CHECKDEP NOCLEARLOG
[2021.10.31-21.07.37:002][  0]MapCheck: Map check complete: 0 Error(s), 0 Warning(s), took 0.142ms to complete.
[2021.10.31-21.07.37:002][  0]LogFileHelpers: Loading map 'Main' took 0.331
[2021.10.31-21.07.37:005][  0]LogUnrealEdMisc: Total Editor Startup Time, took 8.413
[2021.10.31-21.07.37:153][  0]LogSlate: Updating window title bar state: overlay mode, drag disabled, window buttons hidden, title bar hidden
[2021.10.31-21.07.37:162][  0]LogSlate: Updating window title bar state: overlay mode, drag disabled, window buttons hidden, title bar hidden
[2021.10.31-21.07.37:170][  0]LogSlate: Updating window title bar state: overlay mode, drag disabled, window buttons hidden, title bar hidden
[2021.10.31-21.07.37:178][  0]LogSlate: Updating window title bar state: overlay mode, drag disabled, window buttons hidden, title bar hidden
[2021.10.31-21.07.37:213][  0]LogNativeClassHierarchy: Verbose: Native class hierarchy populated in 0.0105 seconds. Added 3824 classes and 930 folders.
[2021.10.31-21.07.37:220][  0]LogNativeClassHierarchy: Verbose: Native class hierarchy updated for 'WidgetCarousel' in 0.0003 seconds. Added 0 classes and 0 folders.
[2021.10.31-21.07.37:232][  0]LogPakFile: PakFile PrimaryIndexSize=187
[2021.10.31-21.07.37:233][  0]LogPakFile: PakFile PathHashIndexSize=101
[2021.10.31-21.07.37:233][  0]LogPakFile: PakFile FullDirectoryIndexSize=148
[2021.10.31-21.07.37:233][  0]LogShaderLibrary: Display: ShaderCodeLibraryPakFileMountedCallback: PakFile 'C:/Program Files/Epic Games/UE_4.27/FeaturePacks/FP_FirstPerson.upack' (chunk index -1, root 'root:/') mounted
[2021.10.31-21.07.37:233][  0]LogShaderLibrary: Display: ShaderCodeLibraryPakFileMountedCallback: pending pak file info (ChunkID:-1 Root:root:/ File:C:/Program Files/Epic Games/UE_4.27/FeaturePacks/FP_FirstPerson.upack)
[2021.10.31-21.07.37:233][  0]LogPakFile: OnPakFileMounted2Time == 0.000064
[2021.10.31-21.07.37:242][  0]LogPakFile: PakFile PrimaryIndexSize=189
[2021.10.31-21.07.37:242][  0]LogPakFile: PakFile PathHashIndexSize=101
[2021.10.31-21.07.37:242][  0]LogPakFile: PakFile FullDirectoryIndexSize=152
[2021.10.31-21.07.37:242][  0]LogShaderLibrary: Display: ShaderCodeLibraryPakFileMountedCallback: PakFile 'C:/Program Files/Epic Games/UE_4.27/FeaturePacks/FP_FirstPersonBP.upack' (chunk index -1, root 'root:/') mounted
[2021.10.31-21.07.37:242][  0]LogShaderLibrary: Display: ShaderCodeLibraryPakFileMountedCallback: pending pak file info (ChunkID:-1 Root:root:/ File:C:/Program Files/Epic Games/UE_4.27/FeaturePacks/FP_FirstPersonBP.upack)
[2021.10.31-21.07.37:242][  0]LogPakFile: OnPakFileMounted2Time == 0.000051
[2021.10.31-21.07.37:250][  0]LogPakFile: PakFile PrimaryIndexSize=191
[2021.10.31-21.07.37:250][  0]LogPakFile: PakFile PathHashIndexSize=101
[2021.10.31-21.07.37:250][  0]LogPakFile: PakFile FullDirectoryIndexSize=160
[2021.10.31-21.07.37:251][  0]LogShaderLibrary: Display: ShaderCodeLibraryPakFileMountedCallback: PakFile 'C:/Program Files/Epic Games/UE_4.27/FeaturePacks/MobileStarterContent.upack' (chunk index -1, root 'root:/') mounted
[2021.10.31-21.07.37:251][  0]LogShaderLibrary: Display: ShaderCodeLibraryPakFileMountedCallback: pending pak file info (ChunkID:-1 Root:root:/ File:C:/Program Files/Epic Games/UE_4.27/FeaturePacks/MobileStarterContent.upack)
[2021.10.31-21.07.37:251][  0]LogPakFile: OnPakFileMounted2Time == 0.000050
[2021.10.31-21.07.37:259][  0]LogPakFile: PakFile PrimaryIndexSize=185
[2021.10.31-21.07.37:259][  0]LogPakFile: PakFile PathHashIndexSize=101
[2021.10.31-21.07.37:259][  0]LogPakFile: PakFile FullDirectoryIndexSize=148
[2021.10.31-21.07.37:259][  0]LogShaderLibrary: Display: ShaderCodeLibraryPakFileMountedCallback: PakFile 'C:/Program Files/Epic Games/UE_4.27/FeaturePacks/StarterContent.upack' (chunk index -1, root 'root:/') mounted
[2021.10.31-21.07.37:259][  0]LogShaderLibrary: Display: ShaderCodeLibraryPakFileMountedCallback: pending pak file info (ChunkID:-1 Root:root:/ File:C:/Program Files/Epic Games/UE_4.27/FeaturePacks/StarterContent.upack)
[2021.10.31-21.07.37:259][  0]LogPakFile: OnPakFileMounted2Time == 0.000052
[2021.10.31-21.07.37:267][  0]LogPakFile: PakFile PrimaryIndexSize=190
[2021.10.31-21.07.37:267][  0]LogPakFile: PakFile PathHashIndexSize=101
[2021.10.31-21.07.37:267][  0]LogPakFile: PakFile FullDirectoryIndexSize=154
[2021.10.31-21.07.37:267][  0]LogShaderLibrary: Display: ShaderCodeLibraryPakFileMountedCallback: PakFile 'C:/Program Files/Epic Games/UE_4.27/FeaturePacks/TP_2DSideScroller.upack' (chunk index -1, root 'root:/') mounted
[2021.10.31-21.07.37:267][  0]LogShaderLibrary: Display: ShaderCodeLibraryPakFileMountedCallback: pending pak file info (ChunkID:-1 Root:root:/ File:C:/Program Files/Epic Games/UE_4.27/FeaturePacks/TP_2DSideScroller.upack)
[2021.10.31-21.07.37:267][  0]LogPakFile: OnPakFileMounted2Time == 0.000053
[2021.10.31-21.07.37:274][  0]LogPakFile: PakFile PrimaryIndexSize=192
[2021.10.31-21.07.37:274][  0]LogPakFile: PakFile PathHashIndexSize=101
[2021.10.31-21.07.37:274][  0]LogPakFile: PakFile FullDirectoryIndexSize=158
[2021.10.31-21.07.37:274][  0]LogShaderLibrary: Display: ShaderCodeLibraryPakFileMountedCallback: PakFile 'C:/Program Files/Epic Games/UE_4.27/FeaturePacks/TP_2DSideScrollerBP.upack' (chunk index -1, root 'root:/') mounted
[2021.10.31-21.07.37:274][  0]LogShaderLibrary: Display: ShaderCodeLibraryPakFileMountedCallback: pending pak file info (ChunkID:-1 Root:root:/ File:C:/Program Files/Epic Games/UE_4.27/FeaturePacks/TP_2DSideScrollerBP.upack)
[2021.10.31-21.07.37:274][  0]LogPakFile: OnPakFileMounted2Time == 0.000052
[2021.10.31-21.07.37:281][  0]LogPakFile: PakFile PrimaryIndexSize=182
[2021.10.31-21.07.37:281][  0]LogPakFile: PakFile PathHashIndexSize=101
[2021.10.31-21.07.37:281][  0]LogPakFile: PakFile FullDirectoryIndexSize=138
[2021.10.31-21.07.37:281][  0]LogShaderLibrary: Display: ShaderCodeLibraryPakFileMountedCallback: PakFile 'C:/Program Files/Epic Games/UE_4.27/FeaturePacks/TP_Flying.upack' (chunk index -1, root 'root:/') mounted
[2021.10.31-21.07.37:281][  0]LogShaderLibrary: Display: ShaderCodeLibraryPakFileMountedCallback: pending pak file info (ChunkID:-1 Root:root:/ File:C:/Program Files/Epic Games/UE_4.27/FeaturePacks/TP_Flying.upack)
[2021.10.31-21.07.37:281][  0]LogPakFile: OnPakFileMounted2Time == 0.000046
[2021.10.31-21.07.37:289][  0]LogPakFile: PakFile PrimaryIndexSize=184
[2021.10.31-21.07.37:289][  0]LogPakFile: PakFile PathHashIndexSize=101
[2021.10.31-21.07.37:289][  0]LogPakFile: PakFile FullDirectoryIndexSize=142
[2021.10.31-21.07.37:289][  0]LogShaderLibrary: Display: ShaderCodeLibraryPakFileMountedCallback: PakFile 'C:/Program Files/Epic Games/UE_4.27/FeaturePacks/TP_FlyingBP.upack' (chunk index -1, root 'root:/') mounted
[2021.10.31-21.07.37:289][  0]LogShaderLibrary: Display: ShaderCodeLibraryPakFileMountedCallback: pending pak file info (ChunkID:-1 Root:root:/ File:C:/Program Files/Epic Games/UE_4.27/FeaturePacks/TP_FlyingBP.upack)
[2021.10.31-21.07.37:289][  0]LogPakFile: OnPakFileMounted2Time == 0.000044
[2021.10.31-21.07.37:296][  0]LogPakFile: PakFile PrimaryIndexSize=188
[2021.10.31-21.07.37:296][  0]LogPakFile: PakFile PathHashIndexSize=101
[2021.10.31-21.07.37:296][  0]LogPakFile: PakFile FullDirectoryIndexSize=150
[2021.10.31-21.07.37:296][  0]LogShaderLibrary: Display: ShaderCodeLibraryPakFileMountedCallback: PakFile 'C:/Program Files/Epic Games/UE_4.27/FeaturePacks/TP_HandheldARBP.upack' (chunk index -1, root 'root:/') mounted
[2021.10.31-21.07.37:296][  0]LogShaderLibrary: Display: ShaderCodeLibraryPakFileMountedCallback: pending pak file info (ChunkID:-1 Root:root:/ File:C:/Program Files/Epic Games/UE_4.27/FeaturePacks/TP_HandheldARBP.upack)
[2021.10.31-21.07.37:296][  0]LogPakFile: OnPakFileMounted2Time == 0.000051
[2021.10.31-21.07.37:304][  0]LogPakFile: PakFile PrimaryIndexSize=182
[2021.10.31-21.07.37:304][  0]LogPakFile: PakFile PathHashIndexSize=101
[2021.10.31-21.07.37:304][  0]LogPakFile: PakFile FullDirectoryIndexSize=138
[2021.10.31-21.07.37:304][  0]LogShaderLibrary: Display: ShaderCodeLibraryPakFileMountedCallback: PakFile 'C:/Program Files/Epic Games/UE_4.27/FeaturePacks/TP_Puzzle.upack' (chunk index -1, root 'root:/') mounted
[2021.10.31-21.07.37:304][  0]LogShaderLibrary: Display: ShaderCodeLibraryPakFileMountedCallback: pending pak file info (ChunkID:-1 Root:root:/ File:C:/Program Files/Epic Games/UE_4.27/FeaturePacks/TP_Puzzle.upack)
[2021.10.31-21.07.37:304][  0]LogPakFile: OnPakFileMounted2Time == 0.000043
[2021.10.31-21.07.37:314][  0]LogPakFile: PakFile PrimaryIndexSize=184
[2021.10.31-21.07.37:314][  0]LogPakFile: PakFile PathHashIndexSize=101
[2021.10.31-21.07.37:314][  0]LogPakFile: PakFile FullDirectoryIndexSize=142
[2021.10.31-21.07.37:315][  0]LogShaderLibrary: Display: ShaderCodeLibraryPakFileMountedCallback: PakFile 'C:/Program Files/Epic Games/UE_4.27/FeaturePacks/TP_PuzzleBP.upack' (chunk index -1, root 'root:/') mounted
[2021.10.31-21.07.37:315][  0]LogShaderLibrary: Display: ShaderCodeLibraryPakFileMountedCallback: pending pak file info (ChunkID:-1 Root:root:/ File:C:/Program Files/Epic Games/UE_4.27/FeaturePacks/TP_PuzzleBP.upack)
[2021.10.31-21.07.37:315][  0]LogPakFile: OnPakFileMounted2Time == 0.000106
[2021.10.31-21.07.37:323][  0]LogPakFile: PakFile PrimaryIndexSize=183
[2021.10.31-21.07.37:323][  0]LogPakFile: PakFile PathHashIndexSize=101
[2021.10.31-21.07.37:323][  0]LogPakFile: PakFile FullDirectoryIndexSize=140
[2021.10.31-21.07.37:323][  0]LogShaderLibrary: Display: ShaderCodeLibraryPakFileMountedCallback: PakFile 'C:/Program Files/Epic Games/UE_4.27/FeaturePacks/TP_Rolling.upack' (chunk index -1, root 'root:/') mounted
[2021.10.31-21.07.37:323][  0]LogShaderLibrary: Display: ShaderCodeLibraryPakFileMountedCallback: pending pak file info (ChunkID:-1 Root:root:/ File:C:/Program Files/Epic Games/UE_4.27/FeaturePacks/TP_Rolling.upack)
[2021.10.31-21.07.37:323][  0]LogPakFile: OnPakFileMounted2Time == 0.000042
[2021.10.31-21.07.37:330][  0]LogPakFile: PakFile PrimaryIndexSize=185
[2021.10.31-21.07.37:330][  0]LogPakFile: PakFile PathHashIndexSize=101
[2021.10.31-21.07.37:330][  0]LogPakFile: PakFile FullDirectoryIndexSize=144
[2021.10.31-21.07.37:330][  0]LogShaderLibrary: Display: ShaderCodeLibraryPakFileMountedCallback: PakFile 'C:/Program Files/Epic Games/UE_4.27/FeaturePacks/TP_RollingBP.upack' (chunk index -1, root 'root:/') mounted
[2021.10.31-21.07.37:330][  0]LogShaderLibrary: Display: ShaderCodeLibraryPakFileMountedCallback: pending pak file info (ChunkID:-1 Root:root:/ File:C:/Program Files/Epic Games/UE_4.27/FeaturePacks/TP_RollingBP.upack)
[2021.10.31-21.07.37:330][  0]LogPakFile: OnPakFileMounted2Time == 0.000047
[2021.10.31-21.07.37:336][  0]LogPakFile: PakFile PrimaryIndexSize=188
[2021.10.31-21.07.37:336][  0]LogPakFile: PakFile PathHashIndexSize=101
[2021.10.31-21.07.37:336][  0]LogPakFile: PakFile FullDirectoryIndexSize=150
[2021.10.31-21.07.37:337][  0]LogShaderLibrary: Display: ShaderCodeLibraryPakFileMountedCallback: PakFile 'C:/Program Files/Epic Games/UE_4.27/FeaturePacks/TP_SideScroller.upack' (chunk index -1, root 'root:/') mounted
[2021.10.31-21.07.37:337][  0]LogShaderLibrary: Display: ShaderCodeLibraryPakFileMountedCallback: pending pak file info (ChunkID:-1 Root:root:/ File:C:/Program Files/Epic Games/UE_4.27/FeaturePacks/TP_SideScroller.upack)
[2021.10.31-21.07.37:337][  0]LogPakFile: OnPakFileMounted2Time == 0.000050
[2021.10.31-21.07.37:343][  0]LogPakFile: PakFile PrimaryIndexSize=190
[2021.10.31-21.07.37:343][  0]LogPakFile: PakFile PathHashIndexSize=101
[2021.10.31-21.07.37:343][  0]LogPakFile: PakFile FullDirectoryIndexSize=154
[2021.10.31-21.07.37:343][  0]LogShaderLibrary: Display: ShaderCodeLibraryPakFileMountedCallback: PakFile 'C:/Program Files/Epic Games/UE_4.27/FeaturePacks/TP_SideScrollerBP.upack' (chunk index -1, root 'root:/') mounted
[2021.10.31-21.07.37:343][  0]LogShaderLibrary: Display: ShaderCodeLibraryPakFileMountedCallback: pending pak file info (ChunkID:-1 Root:root:/ File:C:/Program Files/Epic Games/UE_4.27/FeaturePacks/TP_SideScrollerBP.upack)
[2021.10.31-21.07.37:343][  0]LogPakFile: OnPakFileMounted2Time == 0.000070
[2021.10.31-21.07.37:351][  0]LogPakFile: PakFile PrimaryIndexSize=187
[2021.10.31-21.07.37:351][  0]LogPakFile: PakFile PathHashIndexSize=101
[2021.10.31-21.07.37:351][  0]LogPakFile: PakFile FullDirectoryIndexSize=148
[2021.10.31-21.07.37:351][  0]LogShaderLibrary: Display: ShaderCodeLibraryPakFileMountedCallback: PakFile 'C:/Program Files/Epic Games/UE_4.27/FeaturePacks/TP_ThirdPerson.upack' (chunk index -1, root 'root:/') mounted
[2021.10.31-21.07.37:351][  0]LogShaderLibrary: Display: ShaderCodeLibraryPakFileMountedCallback: pending pak file info (ChunkID:-1 Root:root:/ File:C:/Program Files/Epic Games/UE_4.27/FeaturePacks/TP_ThirdPerson.upack)
[2021.10.31-21.07.37:351][  0]LogPakFile: OnPakFileMounted2Time == 0.000050
[2021.10.31-21.07.37:358][  0]LogPakFile: PakFile PrimaryIndexSize=189
[2021.10.31-21.07.37:358][  0]LogPakFile: PakFile PathHashIndexSize=101
[2021.10.31-21.07.37:358][  0]LogPakFile: PakFile FullDirectoryIndexSize=152
[2021.10.31-21.07.37:358][  0]LogShaderLibrary: Display: ShaderCodeLibraryPakFileMountedCallback: PakFile 'C:/Program Files/Epic Games/UE_4.27/FeaturePacks/TP_ThirdPersonBP.upack' (chunk index -1, root 'root:/') mounted
[2021.10.31-21.07.37:358][  0]LogShaderLibrary: Display: ShaderCodeLibraryPakFileMountedCallback: pending pak file info (ChunkID:-1 Root:root:/ File:C:/Program Files/Epic Games/UE_4.27/FeaturePacks/TP_ThirdPersonBP.upack)
[2021.10.31-21.07.37:358][  0]LogPakFile: OnPakFileMounted2Time == 0.000048
[2021.10.31-21.07.37:366][  0]LogPakFile: PakFile PrimaryIndexSize=183
[2021.10.31-21.07.37:366][  0]LogPakFile: PakFile PathHashIndexSize=101
[2021.10.31-21.07.37:366][  0]LogPakFile: PakFile FullDirectoryIndexSize=140
[2021.10.31-21.07.37:366][  0]LogShaderLibrary: Display: ShaderCodeLibraryPakFileMountedCallback: PakFile 'C:/Program Files/Epic Games/UE_4.27/FeaturePacks/TP_TopDown.upack' (chunk index -1, root 'root:/') mounted
[2021.10.31-21.07.37:366][  0]LogShaderLibrary: Display: ShaderCodeLibraryPakFileMountedCallback: pending pak file info (ChunkID:-1 Root:root:/ File:C:/Program Files/Epic Games/UE_4.27/FeaturePacks/TP_TopDown.upack)
[2021.10.31-21.07.37:366][  0]LogPakFile: OnPakFileMounted2Time == 0.000053
[2021.10.31-21.07.37:373][  0]LogPakFile: PakFile PrimaryIndexSize=185
[2021.10.31-21.07.37:373][  0]LogPakFile: PakFile PathHashIndexSize=101
[2021.10.31-21.07.37:373][  0]LogPakFile: PakFile FullDirectoryIndexSize=144
[2021.10.31-21.07.37:373][  0]LogShaderLibrary: Display: ShaderCodeLibraryPakFileMountedCallback: PakFile 'C:/Program Files/Epic Games/UE_4.27/FeaturePacks/TP_TopDownBP.upack' (chunk index -1, root 'root:/') mounted
[2021.10.31-21.07.37:373][  0]LogShaderLibrary: Display: ShaderCodeLibraryPakFileMountedCallback: pending pak file info (ChunkID:-1 Root:root:/ File:C:/Program Files/Epic Games/UE_4.27/FeaturePacks/TP_TopDownBP.upack)
[2021.10.31-21.07.37:373][  0]LogPakFile: OnPakFileMounted2Time == 0.000052
[2021.10.31-21.07.37:383][  0]LogPakFile: PakFile PrimaryIndexSize=185
[2021.10.31-21.07.37:383][  0]LogPakFile: PakFile PathHashIndexSize=101
[2021.10.31-21.07.37:383][  0]LogPakFile: PakFile FullDirectoryIndexSize=144
[2021.10.31-21.07.37:383][  0]LogShaderLibrary: Display: ShaderCodeLibraryPakFileMountedCallback: PakFile 'C:/Program Files/Epic Games/UE_4.27/FeaturePacks/TP_TwinStick.upack' (chunk index -1, root 'root:/') mounted
[2021.10.31-21.07.37:383][  0]LogShaderLibrary: Display: ShaderCodeLibraryPakFileMountedCallback: pending pak file info (ChunkID:-1 Root:root:/ File:C:/Program Files/Epic Games/UE_4.27/FeaturePacks/TP_TwinStick.upack)
[2021.10.31-21.07.37:383][  0]LogPakFile: OnPakFileMounted2Time == 0.000058
[2021.10.31-21.07.37:390][  0]LogPakFile: PakFile PrimaryIndexSize=187
[2021.10.31-21.07.37:390][  0]LogPakFile: PakFile PathHashIndexSize=101
[2021.10.31-21.07.37:390][  0]LogPakFile: PakFile FullDirectoryIndexSize=148
[2021.10.31-21.07.37:390][  0]LogShaderLibrary: Display: ShaderCodeLibraryPakFileMountedCallback: PakFile 'C:/Program Files/Epic Games/UE_4.27/FeaturePacks/TP_TwinStickBP.upack' (chunk index -1, root 'root:/') mounted
[2021.10.31-21.07.37:390][  0]LogShaderLibrary: Display: ShaderCodeLibraryPakFileMountedCallback: pending pak file info (ChunkID:-1 Root:root:/ File:C:/Program Files/Epic Games/UE_4.27/FeaturePacks/TP_TwinStickBP.upack)
[2021.10.31-21.07.37:390][  0]LogPakFile: OnPakFileMounted2Time == 0.000053
[2021.10.31-21.07.37:398][  0]LogPakFile: PakFile PrimaryIndexSize=183
[2021.10.31-21.07.37:398][  0]LogPakFile: PakFile PathHashIndexSize=101
[2021.10.31-21.07.37:398][  0]LogPakFile: PakFile FullDirectoryIndexSize=140
[2021.10.31-21.07.37:398][  0]LogShaderLibrary: Display: ShaderCodeLibraryPakFileMountedCallback: PakFile 'C:/Program Files/Epic Games/UE_4.27/FeaturePacks/TP_Vehicle.upack' (chunk index -1, root 'root:/') mounted
[2021.10.31-21.07.37:398][  0]LogShaderLibrary: Display: ShaderCodeLibraryPakFileMountedCallback: pending pak file info (ChunkID:-1 Root:root:/ File:C:/Program Files/Epic Games/UE_4.27/FeaturePacks/TP_Vehicle.upack)
[2021.10.31-21.07.37:398][  0]LogPakFile: OnPakFileMounted2Time == 0.000050
[2021.10.31-21.07.37:405][  0]LogPakFile: PakFile PrimaryIndexSize=186
[2021.10.31-21.07.37:405][  0]LogPakFile: PakFile PathHashIndexSize=101
[2021.10.31-21.07.37:405][  0]LogPakFile: PakFile FullDirectoryIndexSize=146
[2021.10.31-21.07.37:405][  0]LogShaderLibrary: Display: ShaderCodeLibraryPakFileMountedCallback: PakFile 'C:/Program Files/Epic Games/UE_4.27/FeaturePacks/TP_VehicleAdv.upack' (chunk index -1, root 'root:/') mounted
[2021.10.31-21.07.37:405][  0]LogShaderLibrary: Display: ShaderCodeLibraryPakFileMountedCallback: pending pak file info (ChunkID:-1 Root:root:/ File:C:/Program Files/Epic Games/UE_4.27/FeaturePacks/TP_VehicleAdv.upack)
[2021.10.31-21.07.37:405][  0]LogPakFile: OnPakFileMounted2Time == 0.000073
[2021.10.31-21.07.37:414][  0]LogPakFile: PakFile PrimaryIndexSize=188
[2021.10.31-21.07.37:414][  0]LogPakFile: PakFile PathHashIndexSize=101
[2021.10.31-21.07.37:414][  0]LogPakFile: PakFile FullDirectoryIndexSize=150
[2021.10.31-21.07.37:414][  0]LogShaderLibrary: Display: ShaderCodeLibraryPakFileMountedCallback: PakFile 'C:/Program Files/Epic Games/UE_4.27/FeaturePacks/TP_VehicleAdvBP.upack' (chunk index -1, root 'root:/') mounted
[2021.10.31-21.07.37:414][  0]LogShaderLibrary: Display: ShaderCodeLibraryPakFileMountedCallback: pending pak file info (ChunkID:-1 Root:root:/ File:C:/Program Files/Epic Games/UE_4.27/FeaturePacks/TP_VehicleAdvBP.upack)
[2021.10.31-21.07.37:414][  0]LogPakFile: OnPakFileMounted2Time == 0.000045
[2021.10.31-21.07.37:422][  0]LogPakFile: PakFile PrimaryIndexSize=185
[2021.10.31-21.07.37:422][  0]LogPakFile: PakFile PathHashIndexSize=101
[2021.10.31-21.07.37:422][  0]LogPakFile: PakFile FullDirectoryIndexSize=144
[2021.10.31-21.07.37:422][  0]LogShaderLibrary: Display: ShaderCodeLibraryPakFileMountedCallback: PakFile 'C:/Program Files/Epic Games/UE_4.27/FeaturePacks/TP_VehicleBP.upack' (chunk index -1, root 'root:/') mounted
[2021.10.31-21.07.37:422][  0]LogShaderLibrary: Display: ShaderCodeLibraryPakFileMountedCallback: pending pak file info (ChunkID:-1 Root:root:/ File:C:/Program Files/Epic Games/UE_4.27/FeaturePacks/TP_VehicleBP.upack)
[2021.10.31-21.07.37:422][  0]LogPakFile: OnPakFileMounted2Time == 0.000045
[2021.10.31-21.07.37:430][  0]LogPakFile: PakFile PrimaryIndexSize=192
[2021.10.31-21.07.37:430][  0]LogPakFile: PakFile PathHashIndexSize=101
[2021.10.31-21.07.37:430][  0]LogPakFile: PakFile FullDirectoryIndexSize=158
[2021.10.31-21.07.37:430][  0]LogShaderLibrary: Display: ShaderCodeLibraryPakFileMountedCallback: PakFile 'C:/Program Files/Epic Games/UE_4.27/FeaturePacks/TP_VirtualRealityBP.upack' (chunk index -1, root 'root:/') mounted
[2021.10.31-21.07.37:430][  0]LogShaderLibrary: Display: ShaderCodeLibraryPakFileMountedCallback: pending pak file info (ChunkID:-1 Root:root:/ File:C:/Program Files/Epic Games/UE_4.27/FeaturePacks/TP_VirtualRealityBP.upack)
[2021.10.31-21.07.37:430][  0]LogPakFile: OnPakFileMounted2Time == 0.000046
[2021.10.31-21.07.37:630][  0]LogNativeClassHierarchy: Verbose: Native class hierarchy updated for 'AddContentDialog' in 0.0003 seconds. Added 0 classes and 0 folders.
[2021.10.31-21.07.37:639][  0]LogNativeClassHierarchy: Verbose: Native class hierarchy updated for 'SceneOutliner' in 0.0003 seconds. Added 2 classes and 0 folders.
[2021.10.31-21.07.38:119][  0]LogSlate: Only BGRA pngs, bmps or icos are supported in by External Image Picker
[2021.10.31-21.07.38:210][  0]LogSlate: Took 0.000198 seconds to synchronously load lazily loaded font '../../../Engine/Content/Slate/Fonts/Roboto-Regular.ttf' (155K)
[2021.10.31-21.07.38:218][  0]LogSlate: Took 0.006568 seconds to synchronously load lazily loaded font '../../../Engine/Content/Editor/Slate/Fonts/FontAwesome.ttf' (139K)
[2021.10.31-21.07.38:219][  0]LogSlate: Took 0.000175 seconds to synchronously load lazily loaded font '../../../Engine/Content/Slate/Fonts/Roboto-Bold.ttf' (160K)
[2021.10.31-21.07.38:403][  0]LogRenderer: Reallocating scene render targets to support 1208x572 Format 10 NumSamples 1 (Frame:1).
[2021.10.31-21.07.38:523][  0]LogSlate: Took 0.006891 seconds to synchronously load lazily loaded font '../../../Engine/Content/Slate/Fonts/Roboto-Light.ttf' (167K)
[2021.10.31-21.07.38:629][  0]LogNativeClassHierarchy: Verbose: Native class hierarchy updated for 'HierarchicalLODOutliner' in 0.0004 seconds. Added 0 classes and 0 folders.
[2021.10.31-21.07.38:629][  0]LogLoad: (Engine Initialization) Total time: 10.04 seconds
[2021.10.31-21.07.38:629][  0]LogLoad: (Engine Initialization) Total Blueprint compile time: 0.00 seconds
[2021.10.31-21.07.38:693][  0]LogAssetRegistry: Asset discovery search completed in 6.3613 seconds
[2021.10.31-21.07.38:701][  0]LogCollectionManager: Fixed up redirectors for 0 collections in 0.000003 seconds (updated 0 objects)
[2021.10.31-21.07.38:704][  0]LogContentStreaming: Texture pool size now 1000 MB
[2021.10.31-21.07.39:651][ 86]LogSlate: Took 0.000201 seconds to synchronously load lazily loaded font '../../../Engine/Content/Slate/Fonts/Roboto-Light.ttf' (167K)
[2021.10.31-21.07.53:376][525]LogEditorViewport: Clicking on Actor (context menu): StaticMeshActor (Floor)
